Connecting to database specified by database.yml
Connecting to database specified by database.yml
  [1m[36m (0.7ms)[0m  [1mSELECT "schema_migrations"."version" FROM "schema_migrations" [0m
Migrating to DeviseCreateUsers (20130313120755)
Migrating to CreateCustomers (20130313132503)
Migrating to AddUsernameToUsers (20130313142205)
Migrating to CreateRoles (20130313183045)
Migrating to UserHaveAndBelongToManyRoles (20130315140422)
Migrating to CreatePermissions (20130316152721)
Migrating to CreateRolesAndPermissions (20130318131200)
Migrating to CreateLocations (20130321122417)
Migrating to CreatePhones (20130327122905)
Migrating to AddPhonesIdToCustomers (20130327124850)
Migrating to CreatePlans (20130404182112)
Migrating to AddPlanesToCustomers (20130404183635)
Migrating to CreateSuppliers (20130409155947)
Migrating to CreateMakes (20130410184005)
Migrating to CreateModels (20130410184057)
Migrating to CreateEquipment (20130410184312)
Migrating to CreateCategories (20130410184625)
Migrating to ChangeColumnTypeComment (20130410192838)
  [1m[35m (0.2ms)[0m  BEGIN
  [1m[36m (0.2ms)[0m  [1mROLLBACK[0m
Connecting to database specified by database.yml
  [1m[36m (0.6ms)[0m  [1mSELECT "schema_migrations"."version" FROM "schema_migrations" [0m
Migrating to DeviseCreateUsers (20130313120755)
Migrating to CreateCustomers (20130313132503)
Migrating to AddUsernameToUsers (20130313142205)
Migrating to CreateRoles (20130313183045)
Migrating to UserHaveAndBelongToManyRoles (20130315140422)
Migrating to CreatePermissions (20130316152721)
Migrating to CreateRolesAndPermissions (20130318131200)
Migrating to CreateLocations (20130321122417)
Migrating to CreatePhones (20130327122905)
Migrating to AddPhonesIdToCustomers (20130327124850)
Migrating to CreatePlans (20130404182112)
Migrating to AddPlanesToCustomers (20130404183635)
Migrating to CreateSuppliers (20130409155947)
Migrating to CreateMakes (20130410184005)
Migrating to CreateModels (20130410184057)
Migrating to CreateEquipment (20130410184312)
Migrating to CreateCategories (20130410184625)
Migrating to ChangeColumnTypeComment (20130410192838)
  [1m[35m (0.3ms)[0m  BEGIN
  [1m[36m (0.3ms)[0m  [1mROLLBACK[0m
Connecting to database specified by database.yml
  [1m[36m (0.6ms)[0m  [1mSELECT "schema_migrations"."version" FROM "schema_migrations" [0m
Migrating to DeviseCreateUsers (20130313120755)
Migrating to CreateCustomers (20130313132503)
Migrating to AddUsernameToUsers (20130313142205)
Migrating to CreateRoles (20130313183045)
Migrating to UserHaveAndBelongToManyRoles (20130315140422)
Migrating to CreatePermissions (20130316152721)
Migrating to CreateRolesAndPermissions (20130318131200)
Migrating to CreateLocations (20130321122417)
Migrating to CreatePhones (20130327122905)
Migrating to AddPhonesIdToCustomers (20130327124850)
Migrating to CreatePlans (20130404182112)
Migrating to AddPlanesToCustomers (20130404183635)
Migrating to CreateSuppliers (20130409155947)
Migrating to CreateMakes (20130410184005)
Migrating to CreateModels (20130410184057)
Migrating to CreateEquipment (20130410184312)
Migrating to CreateCategories (20130410184625)
Migrating to ChangeColumnTypeComment (20130410192838)
  [1m[35m (0.8ms)[0m  BEGIN
  [1m[36m (0.2ms)[0m  [1mROLLBACK[0m
Connecting to database specified by database.yml
  [1m[36m (0.7ms)[0m  [1mSELECT "schema_migrations"."version" FROM "schema_migrations" [0m
Migrating to DeviseCreateUsers (20130313120755)
Migrating to CreateCustomers (20130313132503)
Migrating to AddUsernameToUsers (20130313142205)
Migrating to CreateRoles (20130313183045)
Migrating to UserHaveAndBelongToManyRoles (20130315140422)
Migrating to CreatePermissions (20130316152721)
Migrating to CreateRolesAndPermissions (20130318131200)
Migrating to CreateLocations (20130321122417)
Migrating to CreatePhones (20130327122905)
Migrating to AddPhonesIdToCustomers (20130327124850)
Migrating to CreatePlans (20130404182112)
Migrating to AddPlanesToCustomers (20130404183635)
Migrating to CreateSuppliers (20130409155947)
Migrating to CreateMakes (20130410184005)
Migrating to CreateModels (20130410184057)
Migrating to CreateEquipment (20130410184312)
Migrating to CreateCategories (20130410184625)
Migrating to ChangeColumnTypeComment (20130410192838)
  [1m[35m (0.3ms)[0m  BEGIN
  [1m[36m (0.3ms)[0m  [1mROLLBACK[0m
Connecting to database specified by database.yml
  [1m[36m (0.6ms)[0m  [1mSELECT "schema_migrations"."version" FROM "schema_migrations" [0m
Migrating to DeviseCreateUsers (20130313120755)
Migrating to CreateCustomers (20130313132503)
Migrating to AddUsernameToUsers (20130313142205)
Migrating to CreateRoles (20130313183045)
Migrating to UserHaveAndBelongToManyRoles (20130315140422)
Migrating to CreatePermissions (20130316152721)
Migrating to CreateRolesAndPermissions (20130318131200)
Migrating to CreateLocations (20130321122417)
Migrating to CreatePhones (20130327122905)
Migrating to AddPhonesIdToCustomers (20130327124850)
Migrating to CreatePlans (20130404182112)
Migrating to AddPlanesToCustomers (20130404183635)
Migrating to CreateSuppliers (20130409155947)
Migrating to CreateMakes (20130410184005)
Migrating to CreateModels (20130410184057)
Migrating to CreateEquipment (20130410184312)
Migrating to CreateCategories (20130410184625)
Migrating to AddIdcategoriaToModels (20130415125515)
Migrating to RemoveCategoryToEquipments (20130417132944)
  [1m[35m (0.2ms)[0m  BEGIN
  [1m[36m (64.0ms)[0m  [1mALTER TABLE "equipment" DROP "category_id"[0m
PG::Error: ERROR:  no existe la relación «equipment»
: ALTER TABLE "equipment" DROP "category_id"
  [1m[35m (0.2ms)[0m  ROLLBACK
Connecting to database specified by database.yml
  [1m[36m (0.8ms)[0m  [1mSELECT "schema_migrations"."version" FROM "schema_migrations" [0m
Migrating to DeviseCreateUsers (20130313120755)
Migrating to CreateCustomers (20130313132503)
Migrating to AddUsernameToUsers (20130313142205)
Migrating to CreateRoles (20130313183045)
Migrating to UserHaveAndBelongToManyRoles (20130315140422)
Migrating to CreatePermissions (20130316152721)
Migrating to CreateRolesAndPermissions (20130318131200)
Migrating to CreateLocations (20130321122417)
Migrating to CreatePhones (20130327122905)
Migrating to AddPhonesIdToCustomers (20130327124850)
Migrating to CreatePlans (20130404182112)
Migrating to AddPlanesToCustomers (20130404183635)
Migrating to CreateSuppliers (20130409155947)
Migrating to CreateMakes (20130410184005)
Migrating to CreateModels (20130410184057)
Migrating to CreateEquipment (20130410184312)
Migrating to CreateCategories (20130410184625)
Migrating to AddIdcategoriaToModels (20130415125515)
Migrating to RemoveCategoryToEquipments (20130417132944)
  [1m[35m (0.3ms)[0m  BEGIN
  [1m[36m (61.5ms)[0m  [1mALTER TABLE "equipments" DROP "category_id"[0m
PG::Error: ERROR:  no existe la columna «category_id» en la relación «equipments»
: ALTER TABLE "equipments" DROP "category_id"
  [1m[35m (0.2ms)[0m  ROLLBACK
Connecting to database specified by database.yml
  [1m[36m (0.7ms)[0m  [1mSELECT "schema_migrations"."version" FROM "schema_migrations" [0m
Migrating to DeviseCreateUsers (20130313120755)
Migrating to CreateCustomers (20130313132503)
Migrating to AddUsernameToUsers (20130313142205)
Migrating to CreateRoles (20130313183045)
Migrating to UserHaveAndBelongToManyRoles (20130315140422)
Migrating to CreatePermissions (20130316152721)
Migrating to CreateRolesAndPermissions (20130318131200)
Migrating to CreateLocations (20130321122417)
Migrating to CreatePhones (20130327122905)
Migrating to AddPhonesIdToCustomers (20130327124850)
Migrating to CreatePlans (20130404182112)
Migrating to AddPlanesToCustomers (20130404183635)
Migrating to CreateSuppliers (20130409155947)
Migrating to CreateMakes (20130410184005)
Migrating to CreateModels (20130410184057)
Migrating to CreateEquipment (20130410184312)
Migrating to CreateCategories (20130410184625)
Migrating to AddIdcategoriaToModels (20130415125515)
Migrating to RemoveCategoryToEquipments (20130417132944)
  [1m[35m (0.1ms)[0m  BEGIN
  [1m[36m (1.0ms)[0m  [1mALTER TABLE "equipments" DROP "category_id"[0m
PG::Error: ERROR:  no existe la columna «category_id» en la relación «equipments»
: ALTER TABLE "equipments" DROP "category_id"
  [1m[35m (0.3ms)[0m  ROLLBACK
Connecting to database specified by database.yml
  [1m[36m (0.8ms)[0m  [1mSELECT "schema_migrations"."version" FROM "schema_migrations" [0m
Migrating to DeviseCreateUsers (20130313120755)
Migrating to CreateCustomers (20130313132503)
Migrating to AddUsernameToUsers (20130313142205)
Migrating to CreateRoles (20130313183045)
Migrating to UserHaveAndBelongToManyRoles (20130315140422)
Migrating to CreatePermissions (20130316152721)
Migrating to CreateRolesAndPermissions (20130318131200)
Migrating to CreateLocations (20130321122417)
Migrating to CreatePhones (20130327122905)
Migrating to AddPhonesIdToCustomers (20130327124850)
Migrating to CreatePlans (20130404182112)
Migrating to AddPlanesToCustomers (20130404183635)
Migrating to CreateSuppliers (20130409155947)
Migrating to CreateMakes (20130410184005)
Migrating to CreateModels (20130410184057)
Migrating to CreateEquipment (20130410184312)
Migrating to CreateCategories (20130410184625)
Migrating to AddIdcategoriaToModels (20130415125515)
Migrating to ChangeCommentToEquipment (20130417140047)
Migrating to CreateLoans (20130418181518)
Migrating to AddStatusToEquipment (20130430150624)
Migrating to RemovePhonesIdToCustomers (20130506124259)
Migrating to CreateTickets (20130507121806)
Migrating to ChangeIssueTypeString (20130507130043)
Migrating to AddAncestryToTickets (20130508125722)
Migrating to RenameDepartametToTicket (20130527122622)
Migrating to ChangePriorityTypeStringToTicket (20130527133545)
Migrating to RenamePlanIdToCustomers (20130529175247)
Migrating to AddPlanesToPlanes (20130530132919)
Migrating to AddCamposuserToUser (20130531121552)
Migrating to AddPlanTimeToPlan (20130603153328)
Migrating to AddInvoiceToCustomers (20130603184554)
Migrating to CreateTicketAndRoles (20130605144329)
Migrating to AddUserToTicketAndRole (20130606143233)
Migrating to CreateAccountsReceivables (20130618153645)
Migrating to CreateInvoices (20130619135737)
Migrating to ChangetypeNumberInvoiceToAccountsReceivables (20130619161019)
Migrating to ChangetypeStatusLoanToLoans (20130625144420)
Migrating to ChangeColumnStatusToEquipment (20130626161308)
Migrating to AddColumnPrioritycssToTickets (20130702132403)
Migrating to CreateTicketAnswers (20130703142345)
Migrating to ChangeColumnStatusToTickets (20130704122128)
Migrating to ChangeTypeStatusToTickets (20130712153455)
Migrating to AddEnableToPlans (20130719130600)
Migrating to RemoveCodigoPostalToSuppliers (20130719134851)
Migrating to CreateIps (20130726165134)
Migrating to ChangeNameColumnToEquipment (20130805160515)
Migrating to AddCustomerIdToInvoices (20130828144105)
Migrating to CreateCustomerPaymentAccounts (20130828151107)
Migrating to AddColumnStatusToAccountReceivables (20130830124052)
Migrating to AddColumnPayTypeToCustomerPaymentAccount (20130902124958)
Migrating to AddColumnTotalToPayToInvoices (20130902153002)
Migrating to AddChangeStatusDefaultToInvoice (20130902180619)
Migrating to AddColumnDebtToInovices (20130903151920)
Migrating to RemoveColumnDebtToCustomerPaymentAccounts (20130903151957)
Migrating to AddColumnInvoiceIdToCustomerPaymentAccount (20130911145504)
Migrating to RenameColumnToCustomerPaymentAccounts (20130917131823)
Migrating to AddAncestryToCustomerPaymentAccounts (20130919142737)
Migrating to CreateMikrotiks (20130920124547)
Migrating to CreateCustomerBandwidths (20130920183131)
Migrating to AddColumnEnabledToAccountReceivables (20140423195821)
  [1m[35m (0.2ms)[0m  BEGIN
  [1m[36m (38.2ms)[0m  [1mALTER TABLE "account_receivables" ADD COLUMN "enabled" boolean DEFAULT 'f'[0m
PG::Error: ERROR:  ya existe la columna «enabled» en la relación «account_receivables»
: ALTER TABLE "account_receivables" ADD COLUMN "enabled" boolean DEFAULT 'f'
  [1m[35m (0.2ms)[0m  ROLLBACK
Connecting to database specified by database.yml
  [1m[36m (0.8ms)[0m  [1mSELECT "schema_migrations"."version" FROM "schema_migrations" [0m
Migrating to DeviseCreateUsers (20130313120755)
Migrating to CreateCustomers (20130313132503)
Migrating to AddUsernameToUsers (20130313142205)
Migrating to CreateRoles (20130313183045)
Migrating to UserHaveAndBelongToManyRoles (20130315140422)
Migrating to CreatePermissions (20130316152721)
Migrating to CreateRolesAndPermissions (20130318131200)
Migrating to CreateLocations (20130321122417)
Migrating to CreatePhones (20130327122905)
Migrating to AddPhonesIdToCustomers (20130327124850)
Migrating to CreatePlans (20130404182112)
Migrating to AddPlanesToCustomers (20130404183635)
Migrating to CreateSuppliers (20130409155947)
Migrating to CreateMakes (20130410184005)
Migrating to CreateModels (20130410184057)
Migrating to CreateEquipment (20130410184312)
Migrating to CreateCategories (20130410184625)
Migrating to AddIdcategoriaToModels (20130415125515)
Migrating to ChangeCommentToEquipment (20130417140047)
Migrating to CreateLoans (20130418181518)
Migrating to AddStatusToEquipment (20130430150624)
Migrating to RemovePhonesIdToCustomers (20130506124259)
Migrating to CreateTickets (20130507121806)
Migrating to ChangeIssueTypeString (20130507130043)
Migrating to AddAncestryToTickets (20130508125722)
Migrating to RenameDepartametToTicket (20130527122622)
Migrating to ChangePriorityTypeStringToTicket (20130527133545)
Migrating to RenamePlanIdToCustomers (20130529175247)
Migrating to AddPlanesToPlanes (20130530132919)
Migrating to AddCamposuserToUser (20130531121552)
Migrating to AddPlanTimeToPlan (20130603153328)
Migrating to AddInvoiceToCustomers (20130603184554)
Migrating to CreateTicketAndRoles (20130605144329)
Migrating to AddUserToTicketAndRole (20130606143233)
Migrating to CreateAccountsReceivables (20130618153645)
Migrating to CreateInvoices (20130619135737)
Migrating to ChangetypeNumberInvoiceToAccountsReceivables (20130619161019)
Migrating to ChangetypeStatusLoanToLoans (20130625144420)
Migrating to ChangeColumnStatusToEquipment (20130626161308)
Migrating to AddColumnPrioritycssToTickets (20130702132403)
Migrating to CreateTicketAnswers (20130703142345)
Migrating to ChangeColumnStatusToTickets (20130704122128)
Migrating to ChangeTypeStatusToTickets (20130712153455)
Migrating to AddEnableToPlans (20130719130600)
Migrating to RemoveCodigoPostalToSuppliers (20130719134851)
Migrating to CreateIps (20130726165134)
Migrating to ChangeNameColumnToEquipment (20130805160515)
Migrating to AddCustomerIdToInvoices (20130828144105)
Migrating to CreateCustomerPaymentAccounts (20130828151107)
Migrating to AddColumnStatusToAccountReceivables (20130830124052)
Migrating to AddColumnPayTypeToCustomerPaymentAccount (20130902124958)
Migrating to AddColumnTotalToPayToInvoices (20130902153002)
Migrating to AddChangeStatusDefaultToInvoice (20130902180619)
Migrating to AddColumnDebtToInovices (20130903151920)
Migrating to RemoveColumnDebtToCustomerPaymentAccounts (20130903151957)
Migrating to AddColumnInvoiceIdToCustomerPaymentAccount (20130911145504)
Migrating to RenameColumnToCustomerPaymentAccounts (20130917131823)
Migrating to AddAncestryToCustomerPaymentAccounts (20130919142737)
Migrating to CreateMikrotiks (20130920124547)
Migrating to CreateCustomerBandwidths (20130920183131)
  [1m[35m (0.3ms)[0m  SELECT "schema_migrations"."version" FROM "schema_migrations" 
Connecting to database specified by database.yml
  [1m[36m (0.7ms)[0m  [1mSELECT "schema_migrations"."version" FROM "schema_migrations" [0m
  [1m[35m (296.3ms)[0m  DROP DATABASE IF EXISTS "ispweb_test"
  [1m[36m (1086.3ms)[0m  [1mCREATE DATABASE "ispweb_test" ENCODING = 'utf8'[0m
  [1m[35m (81.4ms)[0m  CREATE TABLE "account_receivables" ("id" serial primary key, "description" character varying(255), "amount" decimal(8,2), "number_invoice" integer, "customer_id" integer, "user_id" integer, "created_at" timestamp NOT NULL, "updated_at" timestamp NOT NULL, "enabled" boolean DEFAULT 'f') 
  [1m[36m (86.7ms)[0m  [1mCREATE TABLE "categories" ("id" serial primary key, "name" character varying(255), "comment" character varying(255), "created_at" timestamp NOT NULL, "updated_at" timestamp NOT NULL) [0m
  [1m[35m (75.5ms)[0m  CREATE TABLE "customer_bandwidths" ("id" serial primary key, "customer" character varying(255), "ip_device" character varying(255), "mdr" integer, "mur" integer, "gdr" integer, "gur" integer, "ip_route" character varying(255), "created_at" timestamp NOT NULL, "updated_at" timestamp NOT NULL) 
  [1m[36m (86.4ms)[0m  [1mCREATE TABLE "customer_payment_accounts" ("id" serial primary key, "customer_id" integer, "amount_deposited" decimal(8,2), "current_balance" decimal(8,2), "created_at" timestamp NOT NULL, "updated_at" timestamp NOT NULL, "pay_type" decimal(8,2), "description" text, "means_of_payment" integer, "card_number" integer, "check_number" integer, "invoice_id" integer, "ancestry" character varying(255)) [0m
  [1m[35m (87.2ms)[0m  CREATE TABLE "customers" ("id" serial primary key, "name" character varying(255), "lastname" character varying(255), "address" character varying(255), "neighborhood" character varying(255), "reference_direction" character varying(255), "email" character varying(255), "dni" character varying(255), "description" text, "cuit" character varying(255), "date_of_birth" date, "removed" boolean, "bar_code" character varying(255), "category" character varying(255), "location_id" integer, "user_id" integer, "company_id" integer, "created_at" timestamp NOT NULL, "updated_at" timestamp NOT NULL, "plan_id" integer, "invoice" character varying(255)) 
  [1m[36m (86.0ms)[0m  [1mCREATE TABLE "equipments" ("id" serial primary key, "mac" character varying(255), "comment" text, "user_id" integer, "model_id" integer, "supplier_id" integer, "created_at" timestamp NOT NULL, "updated_at" timestamp NOT NULL, "status" character varying(255) DEFAULT 'STOCK', "enabled" boolean DEFAULT 't') [0m
  [1m[35m (53.4ms)[0m  CREATE TABLE "invoices" ("id" serial primary key, "number_invoice" integer DEFAULT 1000, "created_at" timestamp NOT NULL, "updated_at" timestamp NOT NULL, "customer_id" integer, "debit" decimal(8,2), "credit" decimal(8,2), "status" boolean DEFAULT 'f', "total_to_pay" decimal(8,2), "debt" decimal(8,2)) 
  [1m[36m (86.0ms)[0m  [1mCREATE TABLE "ips" ("id" serial primary key, "ip_ap" character varying(255), "ip_device" character varying(255), "customer_id" integer, "user_id" integer, "created_at" timestamp NOT NULL, "updated_at" timestamp NOT NULL) [0m
  [1m[35m (97.3ms)[0m  CREATE TABLE "loans" ("id" serial primary key, "customer_id" integer, "equipment_id" integer, "confirmation_loan" boolean, "comment" text, "user_id" integer, "technical_id" integer, "created_at" timestamp NOT NULL, "updated_at" timestamp NOT NULL, "status_loan" boolean DEFAULT 't') 
  [1m[36m (109.1ms)[0m  [1mCREATE TABLE "locations" ("id" serial primary key, "name" character varying(255), "departament" character varying(255), "zipcode" character varying(255), "province" character varying(255), "country" character varying(255), "created_at" timestamp NOT NULL, "updated_at" timestamp NOT NULL) [0m
  [1m[35m (97.2ms)[0m  CREATE TABLE "makes" ("id" serial primary key, "name" character varying(255), "comment" character varying(255), "created_at" timestamp NOT NULL, "updated_at" timestamp NOT NULL) 
  [1m[36m (87.1ms)[0m  [1mCREATE TABLE "mikrotiks" ("id" serial primary key, "ip" character varying(255), "user" character varying(255), "pass" character varying(255), "port" character varying(255), "user_id" integer, "created_at" timestamp NOT NULL, "updated_at" timestamp NOT NULL) [0m
  [1m[35m (85.9ms)[0m  CREATE TABLE "models" ("id" serial primary key, "name" character varying(255), "comment" character varying(255), "make_id" integer, "created_at" timestamp NOT NULL, "updated_at" timestamp NOT NULL, "category_id" integer NOT NULL) 
  [1m[36m (43.9ms)[0m  [1mCREATE INDEX "index_models_on_category_id" ON "models" ("category_id")[0m
  [1m[35m (53.5ms)[0m  CREATE TABLE "permissions" ("id" serial primary key, "name" character varying(255), "created_at" timestamp NOT NULL, "updated_at" timestamp NOT NULL) 
  [1m[36m (86.6ms)[0m  [1mCREATE TABLE "phones" ("id" serial primary key, "phone_number" character varying(255), "phone_prefix" character varying(255), "phone" character varying(255), "user_id" integer, "customer_id" integer, "created_at" timestamp NOT NULL, "updated_at" timestamp NOT NULL) [0m
  [1m[35m (41.2ms)[0m  CREATE INDEX "index_phones_on_customer_id" ON "phones" ("customer_id")
  [1m[36m (44.2ms)[0m  [1mCREATE INDEX "index_phones_on_user_id" ON "phones" ("user_id")[0m
  [1m[35m (86.3ms)[0m  CREATE TABLE "plans" ("id" serial primary key, "name" character varying(255), "price" decimal(8,2), "upload_speed" character varying(255), "download_speed" character varying(255), "remove" boolean, "price_surcharges1" decimal(8,2), "price_surcharges2" decimal(8,2), "user_id" integer, "created_at" timestamp NOT NULL, "updated_at" timestamp NOT NULL, "support_priority" integer, "percentage_junk" integer, "upload_speed_vampire" character varying(255), "download_speed_vampire" character varying(255), "percentage_junk_vampire" character varying(255), "start_time" time, "end_time" time, "enable_vampire" boolean DEFAULT 'f') 
  [1m[36m (43.0ms)[0m  [1mCREATE TABLE "roles" ("id" serial primary key, "role" character varying(255), "created_at" timestamp NOT NULL, "updated_at" timestamp NOT NULL) [0m
  [1m[35m (53.0ms)[0m  CREATE TABLE "roles_and_permissions" ("id" serial primary key, "scope" character varying(255), "role_id" integer, "permmision_id" integer, "created_at" timestamp NOT NULL, "updated_at" timestamp NOT NULL) 
  [1m[36m (53.2ms)[0m  [1mCREATE INDEX "index_roles_and_permissions_on_permmision_id" ON "roles_and_permissions" ("permmision_id")[0m
  [1m[35m (51.6ms)[0m  CREATE INDEX "index_roles_and_permissions_on_role_id" ON "roles_and_permissions" ("role_id")
  [1m[36m (9.4ms)[0m  [1mCREATE TABLE "roles_users" ("role_id" integer, "user_id" integer) [0m
  [1m[35m (90.9ms)[0m  CREATE TABLE "suppliers" ("id" serial primary key, "name" character varying(255), "address" character varying(255), "location_id" integer, "user_id" integer, "created_at" timestamp NOT NULL, "updated_at" timestamp NOT NULL) 
  [1m[36m (64.4ms)[0m  [1mCREATE TABLE "ticket_and_roles" ("id" serial primary key, "ticket_id" integer, "role_id" integer, "created_at" timestamp NOT NULL, "updated_at" timestamp NOT NULL, "user_id" integer) [0m
  [1m[35m (53.4ms)[0m  CREATE TABLE "ticket_answers" ("id" serial primary key, "message" character varying(255), "user_id" integer, "ticket_id" integer, "created_at" timestamp NOT NULL, "updated_at" timestamp NOT NULL) 
  [1m[36m (86.6ms)[0m  [1mCREATE TABLE "tickets" ("id" serial primary key, "issue" character varying(255), "message" text, "status" character varying(255) DEFAULT 'pendiente', "role_id" integer, "priority" character varying(255), "reply" text, "user_id" integer, "path_id" integer, "customer_id" integer, "created_at" timestamp NOT NULL, "updated_at" timestamp NOT NULL, "ancestry" character varying(255), "prioritycss" character varying(255)) [0m
  [1m[35m (53.2ms)[0m  CREATE INDEX "index_tickets_on_ancestry" ON "tickets" ("ancestry")
  [1m[36m (86.7ms)[0m  [1mCREATE TABLE "users" ("id" serial primary key, "email" character varying(255) DEFAULT '' NOT NULL, "encrypted_password" character varying(255) DEFAULT '' NOT NULL, "reset_password_token" character varying(255), "reset_password_sent_at" timestamp, "remember_created_at" timestamp, "sign_in_count" integer DEFAULT 0, "current_sign_in_at" timestamp, "last_sign_in_at" timestamp, "current_sign_in_ip" character varying(255), "last_sign_in_ip" character varying(255), "created_at" timestamp NOT NULL, "updated_at" timestamp NOT NULL, "username" character varying(255), "lastname" character varying(255), "name" character varying(255), "address" character varying(255), "role_id" integer, "cuit" character varying(255), "dni" character varying(255), "enabled" boolean) [0m
  [1m[35m (85.7ms)[0m  CREATE UNIQUE INDEX "index_users_on_email" ON "users" ("email")
  [1m[36m (51.2ms)[0m  [1mCREATE UNIQUE INDEX "index_users_on_reset_password_token" ON "users" ("reset_password_token")[0m
  [1m[35m (52.6ms)[0m  CREATE INDEX "index_users_on_role_id" ON "users" ("role_id")
  [1m[36m (10.1ms)[0m  [1mCREATE TABLE "schema_migrations" ("version" character varying(255) NOT NULL) [0m
  [1m[35m (42.4ms)[0m  CREATE UNIQUE INDEX "unique_schema_migrations" ON "schema_migrations" ("version")
  [1m[36m (0.6ms)[0m  [1mSELECT version FROM "schema_migrations"[0m
  [1m[35m (7.4ms)[0m  INSERT INTO "schema_migrations" (version) VALUES ('20130920183131')
  [1m[36m (10.8ms)[0m  [1mINSERT INTO "schema_migrations" (version) VALUES ('20130507121806')[0m
  [1m[35m (10.9ms)[0m  INSERT INTO "schema_migrations" (version) VALUES ('20130529175247')
  [1m[36m (10.8ms)[0m  [1mINSERT INTO "schema_migrations" (version) VALUES ('20130920124547')[0m
  [1m[35m (10.8ms)[0m  INSERT INTO "schema_migrations" (version) VALUES ('20130605144329')
  [1m[36m (10.9ms)[0m  [1mINSERT INTO "schema_migrations" (version) VALUES ('20130318131200')[0m
  [1m[35m (10.9ms)[0m  INSERT INTO "schema_migrations" (version) VALUES ('20130919142737')
  [1m[36m (11.0ms)[0m  [1mINSERT INTO "schema_migrations" (version) VALUES ('20130506124259')[0m
  [1m[35m (10.9ms)[0m  INSERT INTO "schema_migrations" (version) VALUES ('20130603153328')
  [1m[36m (10.6ms)[0m  [1mINSERT INTO "schema_migrations" (version) VALUES ('20130313183045')[0m
  [1m[35m (11.1ms)[0m  INSERT INTO "schema_migrations" (version) VALUES ('20130719134851')
  [1m[36m (10.9ms)[0m  [1mINSERT INTO "schema_migrations" (version) VALUES ('20130828144105')[0m
  [1m[35m (10.8ms)[0m  INSERT INTO "schema_migrations" (version) VALUES ('20130903151920')
  [1m[36m (11.0ms)[0m  [1mINSERT INTO "schema_migrations" (version) VALUES ('20130828151107')[0m
  [1m[35m (10.9ms)[0m  INSERT INTO "schema_migrations" (version) VALUES ('20130327124850')
  [1m[36m (10.9ms)[0m  [1mINSERT INTO "schema_migrations" (version) VALUES ('20130410184057')[0m
  [1m[35m (10.7ms)[0m  INSERT INTO "schema_migrations" (version) VALUES ('20130313120755')
  [1m[36m (10.9ms)[0m  [1mINSERT INTO "schema_migrations" (version) VALUES ('20130603184554')[0m
  [1m[35m (10.8ms)[0m  INSERT INTO "schema_migrations" (version) VALUES ('20130404183635')
  [1m[36m (11.0ms)[0m  [1mINSERT INTO "schema_migrations" (version) VALUES ('20130606143233')[0m
  [1m[35m (10.9ms)[0m  INSERT INTO "schema_migrations" (version) VALUES ('20130903151957')
  [1m[36m (10.8ms)[0m  [1mINSERT INTO "schema_migrations" (version) VALUES ('20130530132919')[0m
  [1m[35m (11.0ms)[0m  INSERT INTO "schema_migrations" (version) VALUES ('20130404182112')
  [1m[36m (10.8ms)[0m  [1mINSERT INTO "schema_migrations" (version) VALUES ('20130619135737')[0m
  [1m[35m (11.0ms)[0m  INSERT INTO "schema_migrations" (version) VALUES ('20130313132503')
  [1m[36m (10.8ms)[0m  [1mINSERT INTO "schema_migrations" (version) VALUES ('20130327122905')[0m
  [1m[35m (10.9ms)[0m  INSERT INTO "schema_migrations" (version) VALUES ('20130703142345')
  [1m[36m (10.9ms)[0m  [1mINSERT INTO "schema_migrations" (version) VALUES ('20130507130043')[0m
  [1m[35m (10.9ms)[0m  INSERT INTO "schema_migrations" (version) VALUES ('20130917131823')
  [1m[36m (10.7ms)[0m  [1mINSERT INTO "schema_migrations" (version) VALUES ('20130313142205')[0m
  [1m[35m (10.9ms)[0m  INSERT INTO "schema_migrations" (version) VALUES ('20130619161019')
  [1m[36m (10.9ms)[0m  [1mINSERT INTO "schema_migrations" (version) VALUES ('20130315140422')[0m
  [1m[35m (10.8ms)[0m  INSERT INTO "schema_migrations" (version) VALUES ('20130805160515')
  [1m[36m (11.0ms)[0m  [1mINSERT INTO "schema_migrations" (version) VALUES ('20130508125722')[0m
  [1m[35m (10.9ms)[0m  INSERT INTO "schema_migrations" (version) VALUES ('20130410184312')
  [1m[36m (11.1ms)[0m  [1mINSERT INTO "schema_migrations" (version) VALUES ('20130527122622')[0m
  [1m[35m (10.4ms)[0m  INSERT INTO "schema_migrations" (version) VALUES ('20130321122417')
  [1m[36m (10.9ms)[0m  [1mINSERT INTO "schema_migrations" (version) VALUES ('20130626161308')[0m
  [1m[35m (10.8ms)[0m  INSERT INTO "schema_migrations" (version) VALUES ('20130625144420')
  [1m[36m (10.8ms)[0m  [1mINSERT INTO "schema_migrations" (version) VALUES ('20130704122128')[0m
  [1m[35m (11.1ms)[0m  INSERT INTO "schema_migrations" (version) VALUES ('20130410184625')
  [1m[36m (10.8ms)[0m  [1mINSERT INTO "schema_migrations" (version) VALUES ('20130702132403')[0m
  [1m[35m (10.9ms)[0m  INSERT INTO "schema_migrations" (version) VALUES ('20130531121552')
  [1m[36m (10.9ms)[0m  [1mINSERT INTO "schema_migrations" (version) VALUES ('20130902153002')[0m
  [1m[35m (10.8ms)[0m  INSERT INTO "schema_migrations" (version) VALUES ('20130726165134')
  [1m[36m (10.9ms)[0m  [1mINSERT INTO "schema_migrations" (version) VALUES ('20130316152721')[0m
  [1m[35m (10.9ms)[0m  INSERT INTO "schema_migrations" (version) VALUES ('20130409155947')
  [1m[36m (10.9ms)[0m  [1mINSERT INTO "schema_migrations" (version) VALUES ('20130618153645')[0m
  [1m[35m (10.9ms)[0m  INSERT INTO "schema_migrations" (version) VALUES ('20130430150624')
  [1m[36m (10.7ms)[0m  [1mINSERT INTO "schema_migrations" (version) VALUES ('20130418181518')[0m
  [1m[35m (10.8ms)[0m  INSERT INTO "schema_migrations" (version) VALUES ('20130830124052')
  [1m[36m (10.8ms)[0m  [1mINSERT INTO "schema_migrations" (version) VALUES ('20130527133545')[0m
  [1m[35m (11.0ms)[0m  INSERT INTO "schema_migrations" (version) VALUES ('20130902124958')
  [1m[36m (10.9ms)[0m  [1mINSERT INTO "schema_migrations" (version) VALUES ('20130719130600')[0m
  [1m[35m (10.9ms)[0m  INSERT INTO "schema_migrations" (version) VALUES ('20130417140047')
  [1m[36m (10.9ms)[0m  [1mINSERT INTO "schema_migrations" (version) VALUES ('20130712153455')[0m
  [1m[35m (10.9ms)[0m  INSERT INTO "schema_migrations" (version) VALUES ('20130415125515')
  [1m[36m (10.7ms)[0m  [1mINSERT INTO "schema_migrations" (version) VALUES ('20130902180619')[0m
  [1m[35m (11.0ms)[0m  INSERT INTO "schema_migrations" (version) VALUES ('20130410184005')
  [1m[36m (10.9ms)[0m  [1mINSERT INTO "schema_migrations" (version) VALUES ('20130911145504')[0m
Connecting to database specified by database.yml
  [1m[36m (0.9ms)[0m  [1mSELECT "schema_migrations"."version" FROM "schema_migrations" [0m
  [1m[35m (229.1ms)[0m  DROP DATABASE IF EXISTS "ispweb_test"
  [1m[36m (663.1ms)[0m  [1mCREATE DATABASE "ispweb_test" ENCODING = 'utf8'[0m
  [1m[35m (68.6ms)[0m  CREATE TABLE "account_receivables" ("id" serial primary key, "description" character varying(255), "amount" decimal(8,2), "number_invoice" integer, "customer_id" integer, "user_id" integer, "created_at" timestamp NOT NULL, "updated_at" timestamp NOT NULL, "enabled" boolean DEFAULT 'f') 
  [1m[36m (77.3ms)[0m  [1mCREATE TABLE "categories" ("id" serial primary key, "name" character varying(255), "comment" character varying(255), "created_at" timestamp NOT NULL, "updated_at" timestamp NOT NULL) [0m
  [1m[35m (75.5ms)[0m  CREATE TABLE "customer_bandwidths" ("id" serial primary key, "customer" character varying(255), "ip_device" character varying(255), "mdr" integer, "mur" integer, "gdr" integer, "gur" integer, "ip_route" character varying(255), "created_at" timestamp NOT NULL, "updated_at" timestamp NOT NULL) 
  [1m[36m (75.7ms)[0m  [1mCREATE TABLE "customer_payment_accounts" ("id" serial primary key, "customer_id" integer, "amount_deposited" decimal(8,2), "current_balance" decimal(8,2), "created_at" timestamp NOT NULL, "updated_at" timestamp NOT NULL, "pay_type" decimal(8,2), "description" text, "means_of_payment" integer, "card_number" integer, "check_number" integer, "invoice_id" integer, "ancestry" character varying(255)) [0m
  [1m[35m (85.8ms)[0m  CREATE TABLE "customers" ("id" serial primary key, "name" character varying(255), "lastname" character varying(255), "address" character varying(255), "neighborhood" character varying(255), "reference_direction" character varying(255), "email" character varying(255), "dni" character varying(255), "description" text, "cuit" character varying(255), "date_of_birth" date, "removed" boolean, "bar_code" character varying(255), "category" character varying(255), "location_id" integer, "user_id" integer, "company_id" integer, "created_at" timestamp NOT NULL, "updated_at" timestamp NOT NULL, "plan_id" integer, "invoice" character varying(255)) 
  [1m[36m (86.5ms)[0m  [1mCREATE TABLE "equipments" ("id" serial primary key, "mac" character varying(255), "comment" text, "user_id" integer, "model_id" integer, "supplier_id" integer, "created_at" timestamp NOT NULL, "updated_at" timestamp NOT NULL, "status" character varying(255) DEFAULT 'STOCK', "enabled" boolean DEFAULT 't') [0m
  [1m[35m (64.0ms)[0m  CREATE TABLE "invoices" ("id" serial primary key, "number_invoice" integer DEFAULT 1000, "created_at" timestamp NOT NULL, "updated_at" timestamp NOT NULL, "customer_id" integer, "debit" decimal(8,2), "credit" decimal(8,2), "status" boolean DEFAULT 'f', "total_to_pay" decimal(8,2), "debt" decimal(8,2)) 
  [1m[36m (97.3ms)[0m  [1mCREATE TABLE "ips" ("id" serial primary key, "ip_ap" character varying(255), "ip_device" character varying(255), "customer_id" integer, "user_id" integer, "created_at" timestamp NOT NULL, "updated_at" timestamp NOT NULL) [0m
  [1m[35m (108.7ms)[0m  CREATE TABLE "loans" ("id" serial primary key, "customer_id" integer, "equipment_id" integer, "confirmation_loan" boolean, "comment" text, "user_id" integer, "technical_id" integer, "created_at" timestamp NOT NULL, "updated_at" timestamp NOT NULL, "status_loan" boolean DEFAULT 't') 
  [1m[36m (97.9ms)[0m  [1mCREATE TABLE "locations" ("id" serial primary key, "name" character varying(255), "departament" character varying(255), "zipcode" character varying(255), "province" character varying(255), "country" character varying(255), "created_at" timestamp NOT NULL, "updated_at" timestamp NOT NULL) [0m
  [1m[35m (98.0ms)[0m  CREATE TABLE "makes" ("id" serial primary key, "name" character varying(255), "comment" character varying(255), "created_at" timestamp NOT NULL, "updated_at" timestamp NOT NULL) 
  [1m[36m (87.8ms)[0m  [1mCREATE TABLE "mikrotiks" ("id" serial primary key, "ip" character varying(255), "user" character varying(255), "pass" character varying(255), "port" character varying(255), "user_id" integer, "created_at" timestamp NOT NULL, "updated_at" timestamp NOT NULL) [0m
  [1m[35m (86.8ms)[0m  CREATE TABLE "models" ("id" serial primary key, "name" character varying(255), "comment" character varying(255), "make_id" integer, "created_at" timestamp NOT NULL, "updated_at" timestamp NOT NULL, "category_id" integer NOT NULL) 
  [1m[36m (44.2ms)[0m  [1mCREATE INDEX "index_models_on_category_id" ON "models" ("category_id")[0m
  [1m[35m (53.6ms)[0m  CREATE TABLE "permissions" ("id" serial primary key, "name" character varying(255), "created_at" timestamp NOT NULL, "updated_at" timestamp NOT NULL) 
  [1m[36m (76.3ms)[0m  [1mCREATE TABLE "phones" ("id" serial primary key, "phone_number" character varying(255), "phone_prefix" character varying(255), "phone" character varying(255), "user_id" integer, "customer_id" integer, "created_at" timestamp NOT NULL, "updated_at" timestamp NOT NULL) [0m
  [1m[35m (42.6ms)[0m  CREATE INDEX "index_phones_on_customer_id" ON "phones" ("customer_id")
  [1m[36m (44.1ms)[0m  [1mCREATE INDEX "index_phones_on_user_id" ON "phones" ("user_id")[0m
  [1m[35m (86.6ms)[0m  CREATE TABLE "plans" ("id" serial primary key, "name" character varying(255), "price" decimal(8,2), "upload_speed" character varying(255), "download_speed" character varying(255), "remove" boolean, "price_surcharges1" decimal(8,2), "price_surcharges2" decimal(8,2), "user_id" integer, "created_at" timestamp NOT NULL, "updated_at" timestamp NOT NULL, "support_priority" integer, "percentage_junk" integer, "upload_speed_vampire" character varying(255), "download_speed_vampire" character varying(255), "percentage_junk_vampire" character varying(255), "start_time" time, "end_time" time, "enable_vampire" boolean DEFAULT 'f') 
  [1m[36m (53.2ms)[0m  [1mCREATE TABLE "roles" ("id" serial primary key, "role" character varying(255), "created_at" timestamp NOT NULL, "updated_at" timestamp NOT NULL) [0m
  [1m[35m (46.5ms)[0m  CREATE TABLE "roles_and_permissions" ("id" serial primary key, "scope" character varying(255), "role_id" integer, "permmision_id" integer, "created_at" timestamp NOT NULL, "updated_at" timestamp NOT NULL) 
  [1m[36m (42.6ms)[0m  [1mCREATE INDEX "index_roles_and_permissions_on_permmision_id" ON "roles_and_permissions" ("permmision_id")[0m
  [1m[35m (51.8ms)[0m  CREATE INDEX "index_roles_and_permissions_on_role_id" ON "roles_and_permissions" ("role_id")
  [1m[36m (9.0ms)[0m  [1mCREATE TABLE "roles_users" ("role_id" integer, "user_id" integer) [0m
  [1m[35m (98.1ms)[0m  CREATE TABLE "suppliers" ("id" serial primary key, "name" character varying(255), "address" character varying(255), "location_id" integer, "user_id" integer, "created_at" timestamp NOT NULL, "updated_at" timestamp NOT NULL) 
  [1m[36m (54.1ms)[0m  [1mCREATE TABLE "ticket_and_roles" ("id" serial primary key, "ticket_id" integer, "role_id" integer, "created_at" timestamp NOT NULL, "updated_at" timestamp NOT NULL, "user_id" integer) [0m
  [1m[35m (63.7ms)[0m  CREATE TABLE "ticket_answers" ("id" serial primary key, "message" character varying(255), "user_id" integer, "ticket_id" integer, "created_at" timestamp NOT NULL, "updated_at" timestamp NOT NULL) 
  [1m[36m (85.8ms)[0m  [1mCREATE TABLE "tickets" ("id" serial primary key, "issue" character varying(255), "message" text, "status" character varying(255) DEFAULT 'pendiente', "role_id" integer, "priority" character varying(255), "reply" text, "user_id" integer, "path_id" integer, "customer_id" integer, "created_at" timestamp NOT NULL, "updated_at" timestamp NOT NULL, "ancestry" character varying(255), "prioritycss" character varying(255)) [0m
  [1m[35m (64.1ms)[0m  CREATE INDEX "index_tickets_on_ancestry" ON "tickets" ("ancestry")
  [1m[36m (97.6ms)[0m  [1mCREATE TABLE "users" ("id" serial primary key, "email" character varying(255) DEFAULT '' NOT NULL, "encrypted_password" character varying(255) DEFAULT '' NOT NULL, "reset_password_token" character varying(255), "reset_password_sent_at" timestamp, "remember_created_at" timestamp, "sign_in_count" integer DEFAULT 0, "current_sign_in_at" timestamp, "last_sign_in_at" timestamp, "current_sign_in_ip" character varying(255), "last_sign_in_ip" character varying(255), "created_at" timestamp NOT NULL, "updated_at" timestamp NOT NULL, "username" character varying(255), "lastname" character varying(255), "name" character varying(255), "address" character varying(255), "role_id" integer, "cuit" character varying(255), "dni" character varying(255), "enabled" boolean) [0m
  [1m[35m (84.8ms)[0m  CREATE UNIQUE INDEX "index_users_on_email" ON "users" ("email")
  [1m[36m (64.0ms)[0m  [1mCREATE UNIQUE INDEX "index_users_on_reset_password_token" ON "users" ("reset_password_token")[0m
  [1m[35m (73.7ms)[0m  CREATE INDEX "index_users_on_role_id" ON "users" ("role_id")
  [1m[36m (9.7ms)[0m  [1mCREATE TABLE "schema_migrations" ("version" character varying(255) NOT NULL) [0m
  [1m[35m (42.4ms)[0m  CREATE UNIQUE INDEX "unique_schema_migrations" ON "schema_migrations" ("version")
  [1m[36m (0.6ms)[0m  [1mSELECT version FROM "schema_migrations"[0m
  [1m[35m (7.5ms)[0m  INSERT INTO "schema_migrations" (version) VALUES ('20130920183131')
  [1m[36m (10.8ms)[0m  [1mINSERT INTO "schema_migrations" (version) VALUES ('20130507121806')[0m
  [1m[35m (10.9ms)[0m  INSERT INTO "schema_migrations" (version) VALUES ('20130529175247')
  [1m[36m (11.0ms)[0m  [1mINSERT INTO "schema_migrations" (version) VALUES ('20130920124547')[0m
  [1m[35m (10.9ms)[0m  INSERT INTO "schema_migrations" (version) VALUES ('20130605144329')
  [1m[36m (10.8ms)[0m  [1mINSERT INTO "schema_migrations" (version) VALUES ('20130318131200')[0m
  [1m[35m (10.9ms)[0m  INSERT INTO "schema_migrations" (version) VALUES ('20130919142737')
  [1m[36m (11.0ms)[0m  [1mINSERT INTO "schema_migrations" (version) VALUES ('20130506124259')[0m
  [1m[35m (10.9ms)[0m  INSERT INTO "schema_migrations" (version) VALUES ('20130603153328')
  [1m[36m (10.7ms)[0m  [1mINSERT INTO "schema_migrations" (version) VALUES ('20130313183045')[0m
  [1m[35m (11.0ms)[0m  INSERT INTO "schema_migrations" (version) VALUES ('20130719134851')
  [1m[36m (10.9ms)[0m  [1mINSERT INTO "schema_migrations" (version) VALUES ('20130828144105')[0m
  [1m[35m (10.8ms)[0m  INSERT INTO "schema_migrations" (version) VALUES ('20130903151920')
  [1m[36m (11.0ms)[0m  [1mINSERT INTO "schema_migrations" (version) VALUES ('20130828151107')[0m
  [1m[35m (10.9ms)[0m  INSERT INTO "schema_migrations" (version) VALUES ('20130327124850')
  [1m[36m (11.0ms)[0m  [1mINSERT INTO "schema_migrations" (version) VALUES ('20130410184057')[0m
  [1m[35m (10.8ms)[0m  INSERT INTO "schema_migrations" (version) VALUES ('20130313120755')
  [1m[36m (10.9ms)[0m  [1mINSERT INTO "schema_migrations" (version) VALUES ('20130603184554')[0m
  [1m[35m (10.7ms)[0m  INSERT INTO "schema_migrations" (version) VALUES ('20130404183635')
  [1m[36m (10.9ms)[0m  [1mINSERT INTO "schema_migrations" (version) VALUES ('20130606143233')[0m
  [1m[35m (11.0ms)[0m  INSERT INTO "schema_migrations" (version) VALUES ('20130903151957')
  [1m[36m (10.7ms)[0m  [1mINSERT INTO "schema_migrations" (version) VALUES ('20130530132919')[0m
  [1m[35m (11.0ms)[0m  INSERT INTO "schema_migrations" (version) VALUES ('20130404182112')
  [1m[36m (10.7ms)[0m  [1mINSERT INTO "schema_migrations" (version) VALUES ('20130619135737')[0m
  [1m[35m (11.0ms)[0m  INSERT INTO "schema_migrations" (version) VALUES ('20130313132503')
  [1m[36m (11.0ms)[0m  [1mINSERT INTO "schema_migrations" (version) VALUES ('20130327122905')[0m
  [1m[35m (10.8ms)[0m  INSERT INTO "schema_migrations" (version) VALUES ('20130703142345')
  [1m[36m (10.9ms)[0m  [1mINSERT INTO "schema_migrations" (version) VALUES ('20130507130043')[0m
  [1m[35m (10.9ms)[0m  INSERT INTO "schema_migrations" (version) VALUES ('20130917131823')
  [1m[36m (10.8ms)[0m  [1mINSERT INTO "schema_migrations" (version) VALUES ('20130313142205')[0m
  [1m[35m (11.1ms)[0m  INSERT INTO "schema_migrations" (version) VALUES ('20130619161019')
  [1m[36m (10.8ms)[0m  [1mINSERT INTO "schema_migrations" (version) VALUES ('20130315140422')[0m
  [1m[35m (11.0ms)[0m  INSERT INTO "schema_migrations" (version) VALUES ('20130805160515')
  [1m[36m (10.7ms)[0m  [1mINSERT INTO "schema_migrations" (version) VALUES ('20130508125722')[0m
  [1m[35m (11.0ms)[0m  INSERT INTO "schema_migrations" (version) VALUES ('20130410184312')
  [1m[36m (10.8ms)[0m  [1mINSERT INTO "schema_migrations" (version) VALUES ('20130527122622')[0m
  [1m[35m (10.9ms)[0m  INSERT INTO "schema_migrations" (version) VALUES ('20130321122417')
  [1m[36m (10.8ms)[0m  [1mINSERT INTO "schema_migrations" (version) VALUES ('20130626161308')[0m
  [1m[35m (10.8ms)[0m  INSERT INTO "schema_migrations" (version) VALUES ('20130625144420')
  [1m[36m (10.6ms)[0m  [1mINSERT INTO "schema_migrations" (version) VALUES ('20130704122128')[0m
  [1m[35m (10.9ms)[0m  INSERT INTO "schema_migrations" (version) VALUES ('20130410184625')
  [1m[36m (11.0ms)[0m  [1mINSERT INTO "schema_migrations" (version) VALUES ('20130702132403')[0m
  [1m[35m (10.9ms)[0m  INSERT INTO "schema_migrations" (version) VALUES ('20130531121552')
  [1m[36m (10.6ms)[0m  [1mINSERT INTO "schema_migrations" (version) VALUES ('20130902153002')[0m
  [1m[35m (11.0ms)[0m  INSERT INTO "schema_migrations" (version) VALUES ('20130726165134')
  [1m[36m (10.8ms)[0m  [1mINSERT INTO "schema_migrations" (version) VALUES ('20130316152721')[0m
  [1m[35m (10.9ms)[0m  INSERT INTO "schema_migrations" (version) VALUES ('20130409155947')
  [1m[36m (10.9ms)[0m  [1mINSERT INTO "schema_migrations" (version) VALUES ('20130618153645')[0m
  [1m[35m (11.0ms)[0m  INSERT INTO "schema_migrations" (version) VALUES ('20130430150624')
  [1m[36m (10.8ms)[0m  [1mINSERT INTO "schema_migrations" (version) VALUES ('20130418181518')[0m
  [1m[35m (11.0ms)[0m  INSERT INTO "schema_migrations" (version) VALUES ('20130830124052')
  [1m[36m (11.0ms)[0m  [1mINSERT INTO "schema_migrations" (version) VALUES ('20130527133545')[0m
  [1m[35m (10.9ms)[0m  INSERT INTO "schema_migrations" (version) VALUES ('20130902124958')
  [1m[36m (10.9ms)[0m  [1mINSERT INTO "schema_migrations" (version) VALUES ('20130719130600')[0m
  [1m[35m (10.9ms)[0m  INSERT INTO "schema_migrations" (version) VALUES ('20130417140047')
  [1m[36m (11.0ms)[0m  [1mINSERT INTO "schema_migrations" (version) VALUES ('20130712153455')[0m
  [1m[35m (10.9ms)[0m  INSERT INTO "schema_migrations" (version) VALUES ('20130415125515')
  [1m[36m (10.7ms)[0m  [1mINSERT INTO "schema_migrations" (version) VALUES ('20130902180619')[0m
  [1m[35m (10.6ms)[0m  INSERT INTO "schema_migrations" (version) VALUES ('20130410184005')
  [1m[36m (11.0ms)[0m  [1mINSERT INTO "schema_migrations" (version) VALUES ('20130911145504')[0m
Connecting to database specified by database.yml
  [1m[36m (0.5ms)[0m  [1mSELECT "schema_migrations"."version" FROM "schema_migrations" [0m
  [1m[35m (5008.3ms)[0m  DROP DATABASE IF EXISTS "ispweb_test"
PG::Error: ERROR:  la base de datos «ispweb_test» está siendo utilizada por otros usuarios
DETAIL:  Hay 1 otra sesión usando la base de datos.
: DROP DATABASE IF EXISTS "ispweb_test"
Connecting to database specified by database.yml
  [1m[36m (0.6ms)[0m  [1mSELECT "schema_migrations"."version" FROM "schema_migrations" [0m
  [1m[35m (230.6ms)[0m  DROP DATABASE IF EXISTS "ispweb_test"
  [1m[36m (650.1ms)[0m  [1mCREATE DATABASE "ispweb_test" ENCODING = 'utf8'[0m
  [1m[35m (48.9ms)[0m  CREATE TABLE "account_receivables" ("id" serial primary key, "description" character varying(255), "amount" decimal(8,2), "number_invoice" integer, "customer_id" integer, "user_id" integer, "created_at" timestamp NOT NULL, "updated_at" timestamp NOT NULL, "enabled" boolean DEFAULT 'f') 
  [1m[36m (75.7ms)[0m  [1mCREATE TABLE "categories" ("id" serial primary key, "name" character varying(255), "comment" character varying(255), "created_at" timestamp NOT NULL, "updated_at" timestamp NOT NULL) [0m
  [1m[35m (86.0ms)[0m  CREATE TABLE "customer_bandwidths" ("id" serial primary key, "customer" character varying(255), "ip_device" character varying(255), "mdr" integer, "mur" integer, "gdr" integer, "gur" integer, "ip_route" character varying(255), "created_at" timestamp NOT NULL, "updated_at" timestamp NOT NULL) 
  [1m[36m (86.2ms)[0m  [1mCREATE TABLE "customer_payment_accounts" ("id" serial primary key, "customer_id" integer, "amount_deposited" decimal(8,2), "current_balance" decimal(8,2), "created_at" timestamp NOT NULL, "updated_at" timestamp NOT NULL, "pay_type" decimal(8,2), "description" text, "means_of_payment" integer, "card_number" integer, "check_number" integer, "invoice_id" integer, "ancestry" character varying(255)) [0m
  [1m[35m (85.3ms)[0m  CREATE TABLE "customers" ("id" serial primary key, "name" character varying(255), "lastname" character varying(255), "address" character varying(255), "neighborhood" character varying(255), "reference_direction" character varying(255), "email" character varying(255), "dni" character varying(255), "description" text, "cuit" character varying(255), "date_of_birth" date, "removed" boolean, "bar_code" character varying(255), "category" character varying(255), "location_id" integer, "user_id" integer, "company_id" integer, "created_at" timestamp NOT NULL, "updated_at" timestamp NOT NULL, "plan_id" integer, "invoice" character varying(255)) 
  [1m[36m (86.6ms)[0m  [1mCREATE TABLE "equipments" ("id" serial primary key, "mac" character varying(255), "comment" text, "user_id" integer, "model_id" integer, "supplier_id" integer, "created_at" timestamp NOT NULL, "updated_at" timestamp NOT NULL, "status" character varying(255) DEFAULT 'STOCK', "enabled" boolean DEFAULT 't') [0m
  [1m[35m (54.0ms)[0m  CREATE TABLE "invoices" ("id" serial primary key, "number_invoice" integer DEFAULT 1000, "created_at" timestamp NOT NULL, "updated_at" timestamp NOT NULL, "customer_id" integer, "debit" decimal(8,2), "credit" decimal(8,2), "status" boolean DEFAULT 'f', "total_to_pay" decimal(8,2), "debt" decimal(8,2)) 
  [1m[36m (87.9ms)[0m  [1mCREATE TABLE "ips" ("id" serial primary key, "ip_ap" character varying(255), "ip_device" character varying(255), "customer_id" integer, "user_id" integer, "created_at" timestamp NOT NULL, "updated_at" timestamp NOT NULL) [0m
  [1m[35m (97.2ms)[0m  CREATE TABLE "loans" ("id" serial primary key, "customer_id" integer, "equipment_id" integer, "confirmation_loan" boolean, "comment" text, "user_id" integer, "technical_id" integer, "created_at" timestamp NOT NULL, "updated_at" timestamp NOT NULL, "status_loan" boolean DEFAULT 't') 
  [1m[36m (98.4ms)[0m  [1mCREATE TABLE "locations" ("id" serial primary key, "name" character varying(255), "departament" character varying(255), "zipcode" character varying(255), "province" character varying(255), "country" character varying(255), "created_at" timestamp NOT NULL, "updated_at" timestamp NOT NULL) [0m
  [1m[35m (108.3ms)[0m  CREATE TABLE "makes" ("id" serial primary key, "name" character varying(255), "comment" character varying(255), "created_at" timestamp NOT NULL, "updated_at" timestamp NOT NULL) 
  [1m[36m (98.4ms)[0m  [1mCREATE TABLE "mikrotiks" ("id" serial primary key, "ip" character varying(255), "user" character varying(255), "pass" character varying(255), "port" character varying(255), "user_id" integer, "created_at" timestamp NOT NULL, "updated_at" timestamp NOT NULL) [0m
  [1m[35m (120.2ms)[0m  CREATE TABLE "models" ("id" serial primary key, "name" character varying(255), "comment" character varying(255), "make_id" integer, "created_at" timestamp NOT NULL, "updated_at" timestamp NOT NULL, "category_id" integer NOT NULL) 
  [1m[36m (44.3ms)[0m  [1mCREATE INDEX "index_models_on_category_id" ON "models" ("category_id")[0m
  [1m[35m (53.5ms)[0m  CREATE TABLE "permissions" ("id" serial primary key, "name" character varying(255), "created_at" timestamp NOT NULL, "updated_at" timestamp NOT NULL) 
  [1m[36m (109.4ms)[0m  [1mCREATE TABLE "phones" ("id" serial primary key, "phone_number" character varying(255), "phone_prefix" character varying(255), "phone" character varying(255), "user_id" integer, "customer_id" integer, "created_at" timestamp NOT NULL, "updated_at" timestamp NOT NULL) [0m
  [1m[35m (52.7ms)[0m  CREATE INDEX "index_phones_on_customer_id" ON "phones" ("customer_id")
  [1m[36m (55.3ms)[0m  [1mCREATE INDEX "index_phones_on_user_id" ON "phones" ("user_id")[0m
  [1m[35m (97.6ms)[0m  CREATE TABLE "plans" ("id" serial primary key, "name" character varying(255), "price" decimal(8,2), "upload_speed" character varying(255), "download_speed" character varying(255), "remove" boolean, "price_surcharges1" decimal(8,2), "price_surcharges2" decimal(8,2), "user_id" integer, "created_at" timestamp NOT NULL, "updated_at" timestamp NOT NULL, "support_priority" integer, "percentage_junk" integer, "upload_speed_vampire" character varying(255), "download_speed_vampire" character varying(255), "percentage_junk_vampire" character varying(255), "start_time" time, "end_time" time, "enable_vampire" boolean DEFAULT 'f') 
  [1m[36m (42.7ms)[0m  [1mCREATE TABLE "roles" ("id" serial primary key, "role" character varying(255), "created_at" timestamp NOT NULL, "updated_at" timestamp NOT NULL) [0m
  [1m[35m (46.5ms)[0m  CREATE TABLE "roles_and_permissions" ("id" serial primary key, "scope" character varying(255), "role_id" integer, "permmision_id" integer, "created_at" timestamp NOT NULL, "updated_at" timestamp NOT NULL) 
  [1m[36m (51.1ms)[0m  [1mCREATE INDEX "index_roles_and_permissions_on_permmision_id" ON "roles_and_permissions" ("permmision_id")[0m
  [1m[35m (40.2ms)[0m  CREATE INDEX "index_roles_and_permissions_on_role_id" ON "roles_and_permissions" ("role_id")
  [1m[36m (9.2ms)[0m  [1mCREATE TABLE "roles_users" ("role_id" integer, "user_id" integer) [0m
  [1m[35m (85.7ms)[0m  CREATE TABLE "suppliers" ("id" serial primary key, "name" character varying(255), "address" character varying(255), "location_id" integer, "user_id" integer, "created_at" timestamp NOT NULL, "updated_at" timestamp NOT NULL) 
  [1m[36m (63.8ms)[0m  [1mCREATE TABLE "ticket_and_roles" ("id" serial primary key, "ticket_id" integer, "role_id" integer, "created_at" timestamp NOT NULL, "updated_at" timestamp NOT NULL, "user_id" integer) [0m
  [1m[35m (42.6ms)[0m  CREATE TABLE "ticket_answers" ("id" serial primary key, "message" character varying(255), "user_id" integer, "ticket_id" integer, "created_at" timestamp NOT NULL, "updated_at" timestamp NOT NULL) 
  [1m[36m (76.0ms)[0m  [1mCREATE TABLE "tickets" ("id" serial primary key, "issue" character varying(255), "message" text, "status" character varying(255) DEFAULT 'pendiente', "role_id" integer, "priority" character varying(255), "reply" text, "user_id" integer, "path_id" integer, "customer_id" integer, "created_at" timestamp NOT NULL, "updated_at" timestamp NOT NULL, "ancestry" character varying(255), "prioritycss" character varying(255)) [0m
  [1m[35m (42.4ms)[0m  CREATE INDEX "index_tickets_on_ancestry" ON "tickets" ("ancestry")
  [1m[36m (107.8ms)[0m  [1mCREATE TABLE "users" ("id" serial primary key, "email" character varying(255) DEFAULT '' NOT NULL, "encrypted_password" character varying(255) DEFAULT '' NOT NULL, "reset_password_token" character varying(255), "reset_password_sent_at" timestamp, "remember_created_at" timestamp, "sign_in_count" integer DEFAULT 0, "current_sign_in_at" timestamp, "last_sign_in_at" timestamp, "current_sign_in_ip" character varying(255), "last_sign_in_ip" character varying(255), "created_at" timestamp NOT NULL, "updated_at" timestamp NOT NULL, "username" character varying(255), "lastname" character varying(255), "name" character varying(255), "address" character varying(255), "role_id" integer, "cuit" character varying(255), "dni" character varying(255), "enabled" boolean) [0m
  [1m[35m (52.9ms)[0m  CREATE UNIQUE INDEX "index_users_on_email" ON "users" ("email")
  [1m[36m (52.1ms)[0m  [1mCREATE UNIQUE INDEX "index_users_on_reset_password_token" ON "users" ("reset_password_token")[0m
  [1m[35m (61.4ms)[0m  CREATE INDEX "index_users_on_role_id" ON "users" ("role_id")
  [1m[36m (9.9ms)[0m  [1mCREATE TABLE "schema_migrations" ("version" character varying(255) NOT NULL) [0m
  [1m[35m (52.4ms)[0m  CREATE UNIQUE INDEX "unique_schema_migrations" ON "schema_migrations" ("version")
  [1m[36m (0.6ms)[0m  [1mSELECT version FROM "schema_migrations"[0m
  [1m[35m (7.0ms)[0m  INSERT INTO "schema_migrations" (version) VALUES ('20130920183131')
  [1m[36m (10.9ms)[0m  [1mINSERT INTO "schema_migrations" (version) VALUES ('20130507121806')[0m
  [1m[35m (10.8ms)[0m  INSERT INTO "schema_migrations" (version) VALUES ('20130529175247')
  [1m[36m (10.7ms)[0m  [1mINSERT INTO "schema_migrations" (version) VALUES ('20130920124547')[0m
  [1m[35m (10.8ms)[0m  INSERT INTO "schema_migrations" (version) VALUES ('20130605144329')
  [1m[36m (10.9ms)[0m  [1mINSERT INTO "schema_migrations" (version) VALUES ('20130318131200')[0m
  [1m[35m (10.6ms)[0m  INSERT INTO "schema_migrations" (version) VALUES ('20130919142737')
  [1m[36m (10.7ms)[0m  [1mINSERT INTO "schema_migrations" (version) VALUES ('20130506124259')[0m
  [1m[35m (11.0ms)[0m  INSERT INTO "schema_migrations" (version) VALUES ('20130603153328')
  [1m[36m (10.8ms)[0m  [1mINSERT INTO "schema_migrations" (version) VALUES ('20130313183045')[0m
  [1m[35m (10.8ms)[0m  INSERT INTO "schema_migrations" (version) VALUES ('20130719134851')
  [1m[36m (11.1ms)[0m  [1mINSERT INTO "schema_migrations" (version) VALUES ('20130828144105')[0m
  [1m[35m (10.6ms)[0m  INSERT INTO "schema_migrations" (version) VALUES ('20130903151920')
  [1m[36m (10.8ms)[0m  [1mINSERT INTO "schema_migrations" (version) VALUES ('20130828151107')[0m
  [1m[35m (10.9ms)[0m  INSERT INTO "schema_migrations" (version) VALUES ('20130327124850')
  [1m[36m (10.8ms)[0m  [1mINSERT INTO "schema_migrations" (version) VALUES ('20130410184057')[0m
  [1m[35m (10.6ms)[0m  INSERT INTO "schema_migrations" (version) VALUES ('20130313120755')
  [1m[36m (11.0ms)[0m  [1mINSERT INTO "schema_migrations" (version) VALUES ('20130603184554')[0m
  [1m[35m (10.6ms)[0m  INSERT INTO "schema_migrations" (version) VALUES ('20130404183635')
  [1m[36m (11.0ms)[0m  [1mINSERT INTO "schema_migrations" (version) VALUES ('20130606143233')[0m
  [1m[35m (10.9ms)[0m  INSERT INTO "schema_migrations" (version) VALUES ('20130903151957')
  [1m[36m (10.7ms)[0m  [1mINSERT INTO "schema_migrations" (version) VALUES ('20130530132919')[0m
  [1m[35m (10.8ms)[0m  INSERT INTO "schema_migrations" (version) VALUES ('20130404182112')
  [1m[36m (10.8ms)[0m  [1mINSERT INTO "schema_migrations" (version) VALUES ('20130619135737')[0m
  [1m[35m (10.7ms)[0m  INSERT INTO "schema_migrations" (version) VALUES ('20130313132503')
  [1m[36m (10.9ms)[0m  [1mINSERT INTO "schema_migrations" (version) VALUES ('20130327122905')[0m
  [1m[35m (10.8ms)[0m  INSERT INTO "schema_migrations" (version) VALUES ('20130703142345')
  [1m[36m (10.9ms)[0m  [1mINSERT INTO "schema_migrations" (version) VALUES ('20130507130043')[0m
  [1m[35m (10.7ms)[0m  INSERT INTO "schema_migrations" (version) VALUES ('20130917131823')
  [1m[36m (10.9ms)[0m  [1mINSERT INTO "schema_migrations" (version) VALUES ('20130313142205')[0m
  [1m[35m (10.5ms)[0m  INSERT INTO "schema_migrations" (version) VALUES ('20130619161019')
  [1m[36m (11.1ms)[0m  [1mINSERT INTO "schema_migrations" (version) VALUES ('20130315140422')[0m
  [1m[35m (11.0ms)[0m  INSERT INTO "schema_migrations" (version) VALUES ('20130805160515')
  [1m[36m (10.6ms)[0m  [1mINSERT INTO "schema_migrations" (version) VALUES ('20130508125722')[0m
  [1m[35m (10.7ms)[0m  INSERT INTO "schema_migrations" (version) VALUES ('20130410184312')
  [1m[36m (10.8ms)[0m  [1mINSERT INTO "schema_migrations" (version) VALUES ('20130527122622')[0m
  [1m[35m (10.8ms)[0m  INSERT INTO "schema_migrations" (version) VALUES ('20130321122417')
  [1m[36m (11.1ms)[0m  [1mINSERT INTO "schema_migrations" (version) VALUES ('20130626161308')[0m
  [1m[35m (10.7ms)[0m  INSERT INTO "schema_migrations" (version) VALUES ('20130625144420')
  [1m[36m (10.8ms)[0m  [1mINSERT INTO "schema_migrations" (version) VALUES ('20130704122128')[0m
  [1m[35m (10.8ms)[0m  INSERT INTO "schema_migrations" (version) VALUES ('20130410184625')
  [1m[36m (10.9ms)[0m  [1mINSERT INTO "schema_migrations" (version) VALUES ('20130702132403')[0m
  [1m[35m (10.6ms)[0m  INSERT INTO "schema_migrations" (version) VALUES ('20130531121552')
  [1m[36m (10.9ms)[0m  [1mINSERT INTO "schema_migrations" (version) VALUES ('20130902153002')[0m
  [1m[35m (10.8ms)[0m  INSERT INTO "schema_migrations" (version) VALUES ('20130726165134')
  [1m[36m (10.8ms)[0m  [1mINSERT INTO "schema_migrations" (version) VALUES ('20130316152721')[0m
  [1m[35m (10.6ms)[0m  INSERT INTO "schema_migrations" (version) VALUES ('20130409155947')
  [1m[36m (11.0ms)[0m  [1mINSERT INTO "schema_migrations" (version) VALUES ('20130618153645')[0m
  [1m[35m (10.7ms)[0m  INSERT INTO "schema_migrations" (version) VALUES ('20130430150624')
  [1m[36m (10.8ms)[0m  [1mINSERT INTO "schema_migrations" (version) VALUES ('20130418181518')[0m
  [1m[35m (10.7ms)[0m  INSERT INTO "schema_migrations" (version) VALUES ('20130830124052')
  [1m[36m (10.7ms)[0m  [1mINSERT INTO "schema_migrations" (version) VALUES ('20130527133545')[0m
  [1m[35m (10.9ms)[0m  INSERT INTO "schema_migrations" (version) VALUES ('20130902124958')
  [1m[36m (10.8ms)[0m  [1mINSERT INTO "schema_migrations" (version) VALUES ('20130719130600')[0m
  [1m[35m (10.7ms)[0m  INSERT INTO "schema_migrations" (version) VALUES ('20130417140047')
  [1m[36m (10.8ms)[0m  [1mINSERT INTO "schema_migrations" (version) VALUES ('20130712153455')[0m
  [1m[35m (10.7ms)[0m  INSERT INTO "schema_migrations" (version) VALUES ('20130415125515')
  [1m[36m (10.8ms)[0m  [1mINSERT INTO "schema_migrations" (version) VALUES ('20130902180619')[0m
  [1m[35m (10.9ms)[0m  INSERT INTO "schema_migrations" (version) VALUES ('20130410184005')
  [1m[36m (10.8ms)[0m  [1mINSERT INTO "schema_migrations" (version) VALUES ('20130911145504')[0m
Connecting to database specified by database.yml
  [1m[36m (0.8ms)[0m  [1mSELECT "schema_migrations"."version" FROM "schema_migrations" [0m
Connecting to database specified by database.yml
  [1m[36m (0.7ms)[0m  [1mSELECT "schema_migrations"."version" FROM "schema_migrations" [0m
  [1m[35m (249.8ms)[0m  DROP DATABASE IF EXISTS "ispweb_test"
  [1m[36m (616.3ms)[0m  [1mCREATE DATABASE "ispweb_test" ENCODING = 'utf8'[0m
  [1m[35m (48.8ms)[0m  CREATE TABLE "account_receivables" ("id" serial primary key, "description" character varying(255), "amount" decimal(8,2), "number_invoice" integer, "customer_id" integer, "user_id" integer, "created_at" timestamp NOT NULL, "updated_at" timestamp NOT NULL, "enabled" boolean DEFAULT 'f') 
  [1m[36m (86.6ms)[0m  [1mCREATE TABLE "categories" ("id" serial primary key, "name" character varying(255), "comment" character varying(255), "created_at" timestamp NOT NULL, "updated_at" timestamp NOT NULL) [0m
  [1m[35m (87.3ms)[0m  CREATE TABLE "customer_bandwidths" ("id" serial primary key, "customer" character varying(255), "ip_device" character varying(255), "mdr" integer, "mur" integer, "gdr" integer, "gur" integer, "ip_route" character varying(255), "created_at" timestamp NOT NULL, "updated_at" timestamp NOT NULL) 
  [1m[36m (97.8ms)[0m  [1mCREATE TABLE "customer_payment_accounts" ("id" serial primary key, "customer_id" integer, "amount_deposited" decimal(8,2), "current_balance" decimal(8,2), "created_at" timestamp NOT NULL, "updated_at" timestamp NOT NULL, "pay_type" decimal(8,2), "description" text, "means_of_payment" integer, "card_number" integer, "check_number" integer, "invoice_id" integer, "ancestry" character varying(255)) [0m
  [1m[35m (86.6ms)[0m  CREATE TABLE "customers" ("id" serial primary key, "name" character varying(255), "lastname" character varying(255), "address" character varying(255), "neighborhood" character varying(255), "reference_direction" character varying(255), "email" character varying(255), "dni" character varying(255), "description" text, "cuit" character varying(255), "date_of_birth" date, "removed" boolean, "bar_code" character varying(255), "category" character varying(255), "location_id" integer, "user_id" integer, "company_id" integer, "created_at" timestamp NOT NULL, "updated_at" timestamp NOT NULL, "plan_id" integer, "invoice" character varying(255)) 
  [1m[36m (87.0ms)[0m  [1mCREATE TABLE "equipments" ("id" serial primary key, "mac" character varying(255), "comment" text, "user_id" integer, "model_id" integer, "supplier_id" integer, "created_at" timestamp NOT NULL, "updated_at" timestamp NOT NULL, "status" character varying(255) DEFAULT 'STOCK', "enabled" boolean DEFAULT 't') [0m
  [1m[35m (52.9ms)[0m  CREATE TABLE "invoices" ("id" serial primary key, "number_invoice" integer DEFAULT 1000, "created_at" timestamp NOT NULL, "updated_at" timestamp NOT NULL, "customer_id" integer, "debit" decimal(8,2), "credit" decimal(8,2), "status" boolean DEFAULT 'f', "total_to_pay" decimal(8,2), "debt" decimal(8,2)) 
  [1m[36m (97.9ms)[0m  [1mCREATE TABLE "ips" ("id" serial primary key, "ip_ap" character varying(255), "ip_device" character varying(255), "customer_id" integer, "user_id" integer, "created_at" timestamp NOT NULL, "updated_at" timestamp NOT NULL) [0m
  [1m[35m (108.4ms)[0m  CREATE TABLE "loans" ("id" serial primary key, "customer_id" integer, "equipment_id" integer, "confirmation_loan" boolean, "comment" text, "user_id" integer, "technical_id" integer, "created_at" timestamp NOT NULL, "updated_at" timestamp NOT NULL, "status_loan" boolean DEFAULT 't') 
  [1m[36m (86.9ms)[0m  [1mCREATE TABLE "locations" ("id" serial primary key, "name" character varying(255), "departament" character varying(255), "zipcode" character varying(255), "province" character varying(255), "country" character varying(255), "created_at" timestamp NOT NULL, "updated_at" timestamp NOT NULL) [0m
  [1m[35m (86.1ms)[0m  CREATE TABLE "makes" ("id" serial primary key, "name" character varying(255), "comment" character varying(255), "created_at" timestamp NOT NULL, "updated_at" timestamp NOT NULL) 
  [1m[36m (86.7ms)[0m  [1mCREATE TABLE "mikrotiks" ("id" serial primary key, "ip" character varying(255), "user" character varying(255), "pass" character varying(255), "port" character varying(255), "user_id" integer, "created_at" timestamp NOT NULL, "updated_at" timestamp NOT NULL) [0m
  [1m[35m (86.7ms)[0m  CREATE TABLE "models" ("id" serial primary key, "name" character varying(255), "comment" character varying(255), "make_id" integer, "created_at" timestamp NOT NULL, "updated_at" timestamp NOT NULL, "category_id" integer NOT NULL) 
  [1m[36m (55.2ms)[0m  [1mCREATE INDEX "index_models_on_category_id" ON "models" ("category_id")[0m
  [1m[35m (54.1ms)[0m  CREATE TABLE "permissions" ("id" serial primary key, "name" character varying(255), "created_at" timestamp NOT NULL, "updated_at" timestamp NOT NULL) 
  [1m[36m (87.6ms)[0m  [1mCREATE TABLE "phones" ("id" serial primary key, "phone_number" character varying(255), "phone_prefix" character varying(255), "phone" character varying(255), "user_id" integer, "customer_id" integer, "created_at" timestamp NOT NULL, "updated_at" timestamp NOT NULL) [0m
  [1m[35m (52.1ms)[0m  CREATE INDEX "index_phones_on_customer_id" ON "phones" ("customer_id")
  [1m[36m (55.4ms)[0m  [1mCREATE INDEX "index_phones_on_user_id" ON "phones" ("user_id")[0m
  [1m[35m (99.8ms)[0m  CREATE TABLE "plans" ("id" serial primary key, "name" character varying(255), "price" decimal(8,2), "upload_speed" character varying(255), "download_speed" character varying(255), "remove" boolean, "price_surcharges1" decimal(8,2), "price_surcharges2" decimal(8,2), "user_id" integer, "created_at" timestamp NOT NULL, "updated_at" timestamp NOT NULL, "support_priority" integer, "percentage_junk" integer, "upload_speed_vampire" character varying(255), "download_speed_vampire" character varying(255), "percentage_junk_vampire" character varying(255), "start_time" time, "end_time" time, "enable_vampire" boolean DEFAULT 'f') 
  [1m[36m (63.6ms)[0m  [1mCREATE TABLE "roles" ("id" serial primary key, "role" character varying(255), "created_at" timestamp NOT NULL, "updated_at" timestamp NOT NULL) [0m
  [1m[35m (53.1ms)[0m  CREATE TABLE "roles_and_permissions" ("id" serial primary key, "scope" character varying(255), "role_id" integer, "permmision_id" integer, "created_at" timestamp NOT NULL, "updated_at" timestamp NOT NULL) 
  [1m[36m (41.6ms)[0m  [1mCREATE INDEX "index_roles_and_permissions_on_permmision_id" ON "roles_and_permissions" ("permmision_id")[0m
  [1m[35m (50.9ms)[0m  CREATE INDEX "index_roles_and_permissions_on_role_id" ON "roles_and_permissions" ("role_id")
  [1m[36m (9.1ms)[0m  [1mCREATE TABLE "roles_users" ("role_id" integer, "user_id" integer) [0m
  [1m[35m (87.3ms)[0m  CREATE TABLE "suppliers" ("id" serial primary key, "name" character varying(255), "address" character varying(255), "location_id" integer, "user_id" integer, "created_at" timestamp NOT NULL, "updated_at" timestamp NOT NULL) 
  [1m[36m (42.0ms)[0m  [1mCREATE TABLE "ticket_and_roles" ("id" serial primary key, "ticket_id" integer, "role_id" integer, "created_at" timestamp NOT NULL, "updated_at" timestamp NOT NULL, "user_id" integer) [0m
  [1m[35m (41.4ms)[0m  CREATE TABLE "ticket_answers" ("id" serial primary key, "message" character varying(255), "user_id" integer, "ticket_id" integer, "created_at" timestamp NOT NULL, "updated_at" timestamp NOT NULL) 
  [1m[36m (86.8ms)[0m  [1mCREATE TABLE "tickets" ("id" serial primary key, "issue" character varying(255), "message" text, "status" character varying(255) DEFAULT 'pendiente', "role_id" integer, "priority" character varying(255), "reply" text, "user_id" integer, "path_id" integer, "customer_id" integer, "created_at" timestamp NOT NULL, "updated_at" timestamp NOT NULL, "ancestry" character varying(255), "prioritycss" character varying(255)) [0m
  [1m[35m (42.8ms)[0m  CREATE INDEX "index_tickets_on_ancestry" ON "tickets" ("ancestry")
  [1m[36m (76.4ms)[0m  [1mCREATE TABLE "users" ("id" serial primary key, "email" character varying(255) DEFAULT '' NOT NULL, "encrypted_password" character varying(255) DEFAULT '' NOT NULL, "reset_password_token" character varying(255), "reset_password_sent_at" timestamp, "remember_created_at" timestamp, "sign_in_count" integer DEFAULT 0, "current_sign_in_at" timestamp, "last_sign_in_at" timestamp, "current_sign_in_ip" character varying(255), "last_sign_in_ip" character varying(255), "created_at" timestamp NOT NULL, "updated_at" timestamp NOT NULL, "username" character varying(255), "lastname" character varying(255), "name" character varying(255), "address" character varying(255), "role_id" integer, "cuit" character varying(255), "dni" character varying(255), "enabled" boolean) [0m
  [1m[35m (41.8ms)[0m  CREATE UNIQUE INDEX "index_users_on_email" ON "users" ("email")
  [1m[36m (51.1ms)[0m  [1mCREATE UNIQUE INDEX "index_users_on_reset_password_token" ON "users" ("reset_password_token")[0m
  [1m[35m (50.3ms)[0m  CREATE INDEX "index_users_on_role_id" ON "users" ("role_id")
  [1m[36m (9.6ms)[0m  [1mCREATE TABLE "schema_migrations" ("version" character varying(255) NOT NULL) [0m
  [1m[35m (52.9ms)[0m  CREATE UNIQUE INDEX "unique_schema_migrations" ON "schema_migrations" ("version")
  [1m[36m (0.4ms)[0m  [1mSELECT version FROM "schema_migrations"[0m
  [1m[35m (8.1ms)[0m  INSERT INTO "schema_migrations" (version) VALUES ('20130920183131')
  [1m[36m (10.8ms)[0m  [1mINSERT INTO "schema_migrations" (version) VALUES ('20130507121806')[0m
  [1m[35m (10.8ms)[0m  INSERT INTO "schema_migrations" (version) VALUES ('20130529175247')
  [1m[36m (10.8ms)[0m  [1mINSERT INTO "schema_migrations" (version) VALUES ('20130920124547')[0m
  [1m[35m (10.9ms)[0m  INSERT INTO "schema_migrations" (version) VALUES ('20130605144329')
  [1m[36m (10.7ms)[0m  [1mINSERT INTO "schema_migrations" (version) VALUES ('20130318131200')[0m
  [1m[35m (10.9ms)[0m  INSERT INTO "schema_migrations" (version) VALUES ('20130919142737')
  [1m[36m (10.8ms)[0m  [1mINSERT INTO "schema_migrations" (version) VALUES ('20130506124259')[0m
  [1m[35m (10.9ms)[0m  INSERT INTO "schema_migrations" (version) VALUES ('20130603153328')
  [1m[36m (10.8ms)[0m  [1mINSERT INTO "schema_migrations" (version) VALUES ('20130313183045')[0m
  [1m[35m (11.0ms)[0m  INSERT INTO "schema_migrations" (version) VALUES ('20130719134851')
  [1m[36m (10.8ms)[0m  [1mINSERT INTO "schema_migrations" (version) VALUES ('20130828144105')[0m
  [1m[35m (11.0ms)[0m  INSERT INTO "schema_migrations" (version) VALUES ('20130903151920')
  [1m[36m (10.8ms)[0m  [1mINSERT INTO "schema_migrations" (version) VALUES ('20130828151107')[0m
  [1m[35m (11.0ms)[0m  INSERT INTO "schema_migrations" (version) VALUES ('20130327124850')
  [1m[36m (10.9ms)[0m  [1mINSERT INTO "schema_migrations" (version) VALUES ('20130410184057')[0m
  [1m[35m (10.9ms)[0m  INSERT INTO "schema_migrations" (version) VALUES ('20130313120755')
  [1m[36m (10.8ms)[0m  [1mINSERT INTO "schema_migrations" (version) VALUES ('20130603184554')[0m
  [1m[35m (10.8ms)[0m  INSERT INTO "schema_migrations" (version) VALUES ('20130404183635')
  [1m[36m (10.9ms)[0m  [1mINSERT INTO "schema_migrations" (version) VALUES ('20130606143233')[0m
  [1m[35m (11.0ms)[0m  INSERT INTO "schema_migrations" (version) VALUES ('20130903151957')
  [1m[36m (10.9ms)[0m  [1mINSERT INTO "schema_migrations" (version) VALUES ('20130530132919')[0m
  [1m[35m (10.7ms)[0m  INSERT INTO "schema_migrations" (version) VALUES ('20130404182112')
  [1m[36m (10.8ms)[0m  [1mINSERT INTO "schema_migrations" (version) VALUES ('20130619135737')[0m
  [1m[35m (11.0ms)[0m  INSERT INTO "schema_migrations" (version) VALUES ('20130313132503')
  [1m[36m (10.9ms)[0m  [1mINSERT INTO "schema_migrations" (version) VALUES ('20130327122905')[0m
  [1m[35m (11.1ms)[0m  INSERT INTO "schema_migrations" (version) VALUES ('20130703142345')
  [1m[36m (10.5ms)[0m  [1mINSERT INTO "schema_migrations" (version) VALUES ('20130507130043')[0m
  [1m[35m (11.1ms)[0m  INSERT INTO "schema_migrations" (version) VALUES ('20130917131823')
  [1m[36m (10.9ms)[0m  [1mINSERT INTO "schema_migrations" (version) VALUES ('20130313142205')[0m
  [1m[35m (10.8ms)[0m  INSERT INTO "schema_migrations" (version) VALUES ('20130619161019')
  [1m[36m (10.9ms)[0m  [1mINSERT INTO "schema_migrations" (version) VALUES ('20130315140422')[0m
  [1m[35m (11.1ms)[0m  INSERT INTO "schema_migrations" (version) VALUES ('20130805160515')
  [1m[36m (10.9ms)[0m  [1mINSERT INTO "schema_migrations" (version) VALUES ('20130508125722')[0m
  [1m[35m (10.7ms)[0m  INSERT INTO "schema_migrations" (version) VALUES ('20130410184312')
  [1m[36m (11.0ms)[0m  [1mINSERT INTO "schema_migrations" (version) VALUES ('20130527122622')[0m
  [1m[35m (10.9ms)[0m  INSERT INTO "schema_migrations" (version) VALUES ('20130321122417')
  [1m[36m (11.1ms)[0m  [1mINSERT INTO "schema_migrations" (version) VALUES ('20130626161308')[0m
  [1m[35m (10.9ms)[0m  INSERT INTO "schema_migrations" (version) VALUES ('20130625144420')
  [1m[36m (10.9ms)[0m  [1mINSERT INTO "schema_migrations" (version) VALUES ('20130704122128')[0m
  [1m[35m (10.9ms)[0m  INSERT INTO "schema_migrations" (version) VALUES ('20130410184625')
  [1m[36m (11.0ms)[0m  [1mINSERT INTO "schema_migrations" (version) VALUES ('20130702132403')[0m
  [1m[35m (10.9ms)[0m  INSERT INTO "schema_migrations" (version) VALUES ('20130531121552')
  [1m[36m (10.9ms)[0m  [1mINSERT INTO "schema_migrations" (version) VALUES ('20130902153002')[0m
  [1m[35m (11.2ms)[0m  INSERT INTO "schema_migrations" (version) VALUES ('20130726165134')
  [1m[36m (10.2ms)[0m  [1mINSERT INTO "schema_migrations" (version) VALUES ('20130316152721')[0m
  [1m[35m (10.7ms)[0m  INSERT INTO "schema_migrations" (version) VALUES ('20130409155947')
  [1m[36m (10.9ms)[0m  [1mINSERT INTO "schema_migrations" (version) VALUES ('20130618153645')[0m
  [1m[35m (10.9ms)[0m  INSERT INTO "schema_migrations" (version) VALUES ('20130430150624')
  [1m[36m (11.0ms)[0m  [1mINSERT INTO "schema_migrations" (version) VALUES ('20130418181518')[0m
  [1m[35m (10.7ms)[0m  INSERT INTO "schema_migrations" (version) VALUES ('20130830124052')
  [1m[36m (10.8ms)[0m  [1mINSERT INTO "schema_migrations" (version) VALUES ('20130527133545')[0m
  [1m[35m (10.9ms)[0m  INSERT INTO "schema_migrations" (version) VALUES ('20130902124958')
  [1m[36m (11.0ms)[0m  [1mINSERT INTO "schema_migrations" (version) VALUES ('20130719130600')[0m
  [1m[35m (10.9ms)[0m  INSERT INTO "schema_migrations" (version) VALUES ('20130417140047')
  [1m[36m (11.0ms)[0m  [1mINSERT INTO "schema_migrations" (version) VALUES ('20130712153455')[0m
  [1m[35m (10.9ms)[0m  INSERT INTO "schema_migrations" (version) VALUES ('20130415125515')
  [1m[36m (10.7ms)[0m  [1mINSERT INTO "schema_migrations" (version) VALUES ('20130902180619')[0m
  [1m[35m (11.0ms)[0m  INSERT INTO "schema_migrations" (version) VALUES ('20130410184005')
  [1m[36m (10.8ms)[0m  [1mINSERT INTO "schema_migrations" (version) VALUES ('20130911145504')[0m
Connecting to database specified by database.yml
