[ 2013-06-11 12:53:44.0713 19051/7faf1bb4b740 agents/Watchdog/Main.cpp:440 ]: Options: { 'analytics_log_user' => 'nobody', 'default_group' => 'sergio', 'default_python' => 'python', 'default_ruby' => '/usr/bin/ruby1.9.1', 'default_user' => 'sergio', 'log_level' => '0', 'max_instances_per_app' => '0', 'max_pool_size' => '6', 'passenger_root' => '/tmp/passenger.1.0.3wwnsm/locations.ini', 'pool_idle_time' => '300', 'prestart_urls' => 'aHR0cDovLzAuMC4wLjA6MzAwMAA=', 'server_instance_dir' => '/tmp/passenger.1.0.3wwnsm', 'temp_dir' => '/tmp', 'union_station_gateway_address' => 'gateway.unionstationapp.com', 'user_switching' => 'false', 'web_server_pid' => '19050', 'web_server_type' => 'nginx', 'web_server_worker_gid' => '-1', 'web_server_worker_uid' => '-1' }
[ 2013-06-11 12:53:44.0843 19054/7f895c38d740 agents/HelperAgent/Main.cpp:555 ]: PassengerHelperAgent online, listening at unix:/tmp/passenger.1.0.3wwnsm/generation-0/request
[ 2013-06-11 12:53:44.1133 19060/7fdcbb8b8780 agents/LoggingAgent/Main.cpp:271 ]: PassengerLoggingAgent online, listening at unix:/tmp/passenger.1.0.3wwnsm/generation-0/logging
[ 2013-06-11 12:53:44.1135 19051/7faf1bb4b740 agents/Watchdog/Main.cpp:564 ]: All Phusion Passenger agents started!
[ 2013-06-11 12:53:46.3598 19054/7f895c2e8700 Pool2/Spawner.h:739 ]: [App 19085 stdout] 
[ 2013-06-11 12:53:47.6384 19054/7f895c225700 Pool2/Spawner.h:159 ]: [App 19085 stderr] *** Phusion Passenger: no passenger_native_support.so found for the current Ruby interpreter. Compiling one...
[ 2013-06-11 12:53:47.6385 19054/7f895c225700 Pool2/Spawner.h:159 ]: [App 19085 stderr] # mkdir -p /tmp/passenger.1.0.3wwnsm/locations.ini/libout/ruby/ruby-1.9.3-x86_64-linux
[ 2013-06-11 12:53:47.6388 19054/7f895c225700 Pool2/Spawner.h:159 ]: [App 19085 stderr] Not a valid directory. Trying a different one...
[ 2013-06-11 12:53:47.6388 19054/7f895c225700 Pool2/Spawner.h:159 ]: [App 19085 stderr] -------------------------------
[ 2013-06-11 12:53:47.6389 19054/7f895c225700 Pool2/Spawner.h:159 ]: [App 19085 stderr] # mkdir -p /home/sergio/.passenger/native_support/4.0.5/ruby-1.9.3-x86_64-linux
[ 2013-06-11 12:53:47.6393 19054/7f895c225700 Pool2/Spawner.h:159 ]: [App 19085 stderr] # cd /home/sergio/.passenger/native_support/4.0.5/ruby-1.9.3-x86_64-linux
[ 2013-06-11 12:53:47.6393 19054/7f895c225700 Pool2/Spawner.h:159 ]: [App 19085 stderr] # /usr/bin/ruby1.9.1 '/usr/lib/ruby/gems/1.9.1/gems/passenger-4.0.5/ext/ruby/extconf.rb'
[ 2013-06-11 12:53:47.8255 19054/7f895c2e8700 Pool2/Spawner.h:739 ]: [App 19085 stdout] checking for alloca.h... yes
[ 2013-06-11 12:53:47.8635 19054/7f895c2e8700 Pool2/Spawner.h:739 ]: [App 19085 stdout] checking for ruby/io.h... yes
[ 2013-06-11 12:53:47.8635 19054/7f895c2e8700 Pool2/Spawner.h:739 ]: [App 19085 stdout] creating Makefile
[ 2013-06-11 12:53:47.8727 19054/7f895c225700 Pool2/Spawner.h:159 ]: [App 19085 stderr] # make
[ 2013-06-11 12:53:47.8802 19054/7f895c2e8700 Pool2/Spawner.h:739 ]: [App 19085 stdout] compiling /usr/lib/ruby/gems/1.9.1/gems/passenger-4.0.5/ext/ruby/passenger_native_support.c
[ 2013-06-11 12:53:48.2059 19054/7f895c2e8700 Pool2/Spawner.h:739 ]: [App 19085 stdout] linking shared-object passenger_native_support.so
[ 2013-06-11 12:53:55.0267 19054/7f895c2e8700 Pool2/SmartSpawner.h:301 ]: Preloader for /home/sergio/ispweb started on PID 19085, listening on unix:/tmp/passenger.1.0.3wwnsm/generation-0/backends/preloader.19085
[ 2013-06-11 12:58:48.3392 19323/7fe08b77c740 agents/Watchdog/Main.cpp:440 ]: Options: { 'analytics_log_user' => 'nobody', 'default_group' => 'sergio', 'default_python' => 'python', 'default_ruby' => '/usr/bin/ruby1.9.1', 'default_user' => 'sergio', 'log_level' => '0', 'max_instances_per_app' => '0', 'max_pool_size' => '6', 'passenger_root' => '/tmp/passenger.1.0.186d802/locations.ini', 'pool_idle_time' => '300', 'prestart_urls' => 'aHR0cDovLzAuMC4wLjA6MzAwMAA=', 'server_instance_dir' => '/tmp/passenger.1.0.186d802', 'temp_dir' => '/tmp', 'union_station_gateway_address' => 'gateway.unionstationapp.com', 'user_switching' => 'false', 'web_server_pid' => '19322', 'web_server_type' => 'nginx', 'web_server_worker_gid' => '-1', 'web_server_worker_uid' => '-1' }
[ 2013-06-11 12:58:48.3465 19326/7ff3d2c32740 agents/HelperAgent/Main.cpp:555 ]: PassengerHelperAgent online, listening at unix:/tmp/passenger.1.0.186d802/generation-0/request
[ 2013-06-11 12:58:48.3570 19332/7f6ee828b780 agents/LoggingAgent/Main.cpp:271 ]: PassengerLoggingAgent online, listening at unix:/tmp/passenger.1.0.186d802/generation-0/logging
[ 2013-06-11 12:58:48.3571 19323/7fe08b77c740 agents/Watchdog/Main.cpp:564 ]: All Phusion Passenger agents started!
[ 2013-06-11 12:58:50.4236 19326/7ff3d2b8d700 Pool2/Spawner.h:739 ]: [App 19358 stdout] 
[ 2013-06-11 12:58:55.1537 19326/7ff3d2b8d700 Pool2/SmartSpawner.h:301 ]: Preloader for /home/sergio/ispweb started on PID 19358, listening on unix:/tmp/passenger.1.0.186d802/generation-0/backends/preloader.19358
[ 2013-06-11 13:02:17.8370 19776/7f6f09ed4740 agents/Watchdog/Main.cpp:440 ]: Options: { 'analytics_log_user' => 'nobody', 'default_group' => 'sergio', 'default_python' => 'python', 'default_ruby' => '/usr/bin/ruby1.9.1', 'default_user' => 'sergio', 'log_level' => '0', 'max_instances_per_app' => '0', 'max_pool_size' => '6', 'passenger_root' => '/tmp/passenger.1.0.1jjdjji/locations.ini', 'pool_idle_time' => '300', 'prestart_urls' => 'aHR0cDovLzAuMC4wLjA6MzAwMAA=', 'server_instance_dir' => '/tmp/passenger.1.0.1jjdjji', 'temp_dir' => '/tmp', 'union_station_gateway_address' => 'gateway.unionstationapp.com', 'user_switching' => 'false', 'web_server_pid' => '19775', 'web_server_type' => 'nginx', 'web_server_worker_gid' => '-1', 'web_server_worker_uid' => '-1' }
[ 2013-06-11 13:02:17.8438 19779/7fac219bf740 agents/HelperAgent/Main.cpp:555 ]: PassengerHelperAgent online, listening at unix:/tmp/passenger.1.0.1jjdjji/generation-0/request
[ 2013-06-11 13:02:17.8577 19785/7f34c738a780 agents/LoggingAgent/Main.cpp:271 ]: PassengerLoggingAgent online, listening at unix:/tmp/passenger.1.0.1jjdjji/generation-0/logging
[ 2013-06-11 13:02:17.8579 19776/7f6f09ed4740 agents/Watchdog/Main.cpp:564 ]: All Phusion Passenger agents started!
[ 2013-06-11 13:02:19.9146 19779/7fac218d9700 Pool2/Spawner.h:739 ]: [App 19810 stdout] 
[ 2013-06-11 13:02:24.7340 19779/7fac218d9700 Pool2/SmartSpawner.h:301 ]: Preloader for /home/sergio/ispweb started on PID 19810, listening on unix:/tmp/passenger.1.0.1jjdjji/generation-0/backends/preloader.19810
