Connecting to database specified by database.yml
Connecting to database specified by database.yml
Compiled jquery.js  (4ms)  (pid 16988)
Compiled jquery-ui.js  (6ms)  (pid 16988)
Compiled jquery_ujs.js  (0ms)  (pid 16988)
Compiled twitter/bootstrap.js  (1ms)  (pid 16988)
Compiled customers.js  (0ms)  (pid 16988)
Compiled application.js  (129ms)  (pid 16988)
Compiled twitter/bootstrap.css  (40ms)  (pid 16988)
Compiled customers.css  (11ms)  (pid 16988)
Compiled jquery/ui-custom.css  (21ms)  (pid 16988)
Compiled categories.css  (2ms)  (pid 16988)
Compiled equipment.css  (1ms)  (pid 16988)
Compiled loans.css  (2ms)  (pid 16988)
Compiled locations.css  (1ms)  (pid 16988)
Compiled makes.css  (2ms)  (pid 16988)
Compiled models.css  (1ms)  (pid 16988)
Compiled permissions.css  (1ms)  (pid 16988)
Compiled plans.css  (1ms)  (pid 16988)
Compiled registrations.css  (1ms)  (pid 16988)
Compiled roles.css  (1ms)  (pid 16988)
Compiled roles_and_permissions.css  (1ms)  (pid 16988)
Compiled scaffolds.css  (4ms)  (pid 16988)
Compiled suppliers.css  (1ms)  (pid 16988)
Compiled tickets.css  (1ms)  (pid 16988)
Compiled users.css  (1ms)  (pid 16988)
Compiled application.css  (252ms)  (pid 16988)
Connecting to database specified by database.yml
Compiled jquery.js  (2ms)  (pid 16988)
Compiled jquery-ui.js  (6ms)  (pid 16988)
Compiled jquery_ujs.js  (0ms)  (pid 16988)
Compiled twitter/bootstrap.js  (0ms)  (pid 16988)
Compiled customers.js  (0ms)  (pid 16988)
Compiled application.js  (107ms)  (pid 16988)
Compiled twitter/bootstrap.css  (36ms)  (pid 16988)
Compiled customers.css  (8ms)  (pid 16988)
Compiled jquery/ui-custom.css  (12ms)  (pid 16988)
Compiled categories.css  (1ms)  (pid 16988)
Compiled equipment.css  (0ms)  (pid 16988)
Compiled loans.css  (1ms)  (pid 16988)
Compiled locations.css  (1ms)  (pid 16988)
Compiled makes.css  (1ms)  (pid 16988)
Compiled models.css  (1ms)  (pid 16988)
Compiled permissions.css  (1ms)  (pid 16988)
Compiled plans.css  (1ms)  (pid 16988)
Compiled registrations.css  (1ms)  (pid 16988)
Compiled roles.css  (1ms)  (pid 16988)
Compiled roles_and_permissions.css  (1ms)  (pid 16988)
Compiled scaffolds.css  (2ms)  (pid 16988)
Compiled suppliers.css  (0ms)  (pid 16988)
Compiled tickets.css  (0ms)  (pid 16988)
Compiled users.css  (0ms)  (pid 16988)
Compiled application.css  (179ms)  (pid 16988)
Connecting to database specified by database.yml
Connecting to database specified by database.yml
Connecting to database specified by database.yml
Compiled jquery.js  (2ms)  (pid 7741)
Compiled jquery-ui.js  (6ms)  (pid 7741)
Compiled jquery_ujs.js  (0ms)  (pid 7741)
Compiled twitter/bootstrap.js  (1ms)  (pid 7741)
Compiled customers.js  (0ms)  (pid 7741)
Compiled application.js  (130ms)  (pid 7741)
Compiled twitter/bootstrap.css  (41ms)  (pid 7741)
Compiled customers.css  (47ms)  (pid 7741)
Compiled jquery/ui-custom.css  (14ms)  (pid 7741)
Compiled categories.css  (2ms)  (pid 7741)
Compiled equipment.css  (2ms)  (pid 7741)
Compiled loans.css  (1ms)  (pid 7741)
Compiled locations.css  (1ms)  (pid 7741)
Compiled makes.css  (2ms)  (pid 7741)
Compiled models.css  (2ms)  (pid 7741)
Compiled permissions.css  (1ms)  (pid 7741)
Compiled plans.css  (2ms)  (pid 7741)
Compiled registrations.css  (2ms)  (pid 7741)
Compiled roles.css  (2ms)  (pid 7741)
Compiled roles_and_permissions.css  (2ms)  (pid 7741)
Compiled scaffolds.css  (5ms)  (pid 7741)
Compiled suppliers.css  (2ms)  (pid 7741)
Compiled tickets.css  (2ms)  (pid 7741)
Compiled users.css  (1ms)  (pid 7741)
Compiled application.css  (338ms)  (pid 7741)
Connecting to database specified by database.yml
Compiled jquery.js  (2ms)  (pid 7741)
Compiled jquery-ui.js  (6ms)  (pid 7741)
Compiled jquery_ujs.js  (0ms)  (pid 7741)
Compiled twitter/bootstrap.js  (0ms)  (pid 7741)
Compiled customers.js  (0ms)  (pid 7741)
Compiled application.js  (110ms)  (pid 7741)
Compiled twitter/bootstrap.css  (36ms)  (pid 7741)
Compiled customers.css  (8ms)  (pid 7741)
Compiled jquery/ui-custom.css  (13ms)  (pid 7741)
Compiled categories.css  (1ms)  (pid 7741)
Compiled equipment.css  (1ms)  (pid 7741)
Compiled loans.css  (0ms)  (pid 7741)
Compiled locations.css  (0ms)  (pid 7741)
Compiled makes.css  (1ms)  (pid 7741)
Compiled models.css  (0ms)  (pid 7741)
Compiled permissions.css  (1ms)  (pid 7741)
Compiled plans.css  (0ms)  (pid 7741)
Compiled registrations.css  (0ms)  (pid 7741)
Compiled roles.css  (0ms)  (pid 7741)
Compiled roles_and_permissions.css  (0ms)  (pid 7741)
Compiled scaffolds.css  (2ms)  (pid 7741)
Compiled suppliers.css  (1ms)  (pid 7741)
Compiled tickets.css  (0ms)  (pid 7741)
Compiled users.css  (0ms)  (pid 7741)
Compiled application.css  (178ms)  (pid 7741)
Connecting to database specified by database.yml
Connecting to database specified by database.yml
Connecting to database specified by database.yml
Compiled jquery.js  (2ms)  (pid 15587)
Compiled jquery-ui.js  (6ms)  (pid 15587)
Compiled jquery_ujs.js  (0ms)  (pid 15587)
Compiled twitter/bootstrap.js  (0ms)  (pid 15587)
Compiled customers.js  (0ms)  (pid 15587)
Compiled application.js  (112ms)  (pid 15587)
Compiled twitter/bootstrap.css  (34ms)  (pid 15587)
Compiled customers.css  (8ms)  (pid 15587)
Compiled jquery/ui-custom.css  (13ms)  (pid 15587)
Compiled categories.css  (1ms)  (pid 15587)
Compiled equipment.css  (1ms)  (pid 15587)
Compiled loans.css  (1ms)  (pid 15587)
Compiled locations.css  (1ms)  (pid 15587)
Compiled makes.css  (1ms)  (pid 15587)
Compiled models.css  (1ms)  (pid 15587)
Compiled permissions.css  (1ms)  (pid 15587)
Compiled plans.css  (1ms)  (pid 15587)
Compiled registrations.css  (1ms)  (pid 15587)
Compiled roles.css  (0ms)  (pid 15587)
Compiled roles_and_permissions.css  (1ms)  (pid 15587)
Compiled scaffolds.css  (2ms)  (pid 15587)
Compiled suppliers.css  (1ms)  (pid 15587)
Compiled tickets.css  (0ms)  (pid 15587)
Compiled users.css  (1ms)  (pid 15587)
Compiled application.css  (185ms)  (pid 15587)
Connecting to database specified by database.yml
Compiled jquery.js  (2ms)  (pid 15587)
Compiled jquery-ui.js  (6ms)  (pid 15587)
Compiled jquery_ujs.js  (0ms)  (pid 15587)
Compiled twitter/bootstrap.js  (0ms)  (pid 15587)
Compiled customers.js  (0ms)  (pid 15587)
Compiled application.js  (71ms)  (pid 15587)
Compiled twitter/bootstrap.css  (0ms)  (pid 15587)
Compiled customers.css  (42ms)  (pid 15587)
Compiled jquery/ui-custom.css  (13ms)  (pid 15587)
Compiled categories.css  (1ms)  (pid 15587)
Compiled equipment.css  (0ms)  (pid 15587)
Compiled loans.css  (0ms)  (pid 15587)
Compiled locations.css  (0ms)  (pid 15587)
Compiled makes.css  (0ms)  (pid 15587)
Compiled models.css  (0ms)  (pid 15587)
Compiled permissions.css  (0ms)  (pid 15587)
Compiled plans.css  (0ms)  (pid 15587)
Compiled registrations.css  (1ms)  (pid 15587)
Compiled roles.css  (1ms)  (pid 15587)
Compiled roles_and_permissions.css  (1ms)  (pid 15587)
Compiled scaffolds.css  (2ms)  (pid 15587)
Compiled suppliers.css  (1ms)  (pid 15587)
Compiled tickets.css  (1ms)  (pid 15587)
Compiled users.css  (0ms)  (pid 15587)
Compiled application.css  (178ms)  (pid 15587)
Connecting to database specified by database.yml
